#
# There is insufficient memory for the Java Runtime Environment to continue.
# Native memory allocation (malloc) failed to allocate 445936 bytes for Chunk::new
# Possible reasons:
#   The system is out of physical RAM or swap space
#   The process is running with CompressedOops enabled, and the Java Heap may be blocking the growth of the native heap
# Possible solutions:
#   Reduce memory load on the system
#   Increase physical memory or swap space
#   Check if swap backing store is full
#   Decrease Java heap size (-Xmx/-Xms)
#   Decrease number of Java threads
#   Decrease Java thread stack sizes (-Xss)
#   Set larger code cache with -XX:ReservedCodeCacheSize=
#   JVM is running with Unscaled Compressed Oops mode in which the Java heap is
#     placed in the first 4GB address space. The Java Heap base address is the
#     maximum limit for the native heap growth. Please use -XX:HeapBaseMinAddress
#     to set the Java Heap base and to place the Java Heap above 4GB virtual address.
# This output file may be truncated or incomplete.
#
#  Out of Memory Error (arena.cpp:189), pid=161708, tid=147596
#
# JRE version: OpenJDK Runtime Environment Temurin-17.0.4+8 (17.0.4+8) (build 17.0.4+8)
# Java VM: OpenJDK 64-Bit Server VM Temurin-17.0.4+8 (17.0.4+8, mixed mode, tiered, compressed oops, compressed class ptrs, g1 gc, windows-amd64)
# No core dump will be written. Minidumps are not enabled by default on client versions of Windows
#

---------------  S U M M A R Y ------------

Command Line: -Dfile.encoding=UTF-8 -XX:+ShowCodeDetailsInExceptionMessages com.product.ProductsManagementSystemApplication

Host: Intel(R) Xeon(R) Platinum 8272CL CPU @ 2.60GHz, 2 cores, 7G,  Windows 10 , 64 bit Build 19041 (10.0.19041.1889)
Time: Mon Sep 12 05:00:55 2022 Coordinated Universal Time elapsed time: 635.671358 seconds (0d 0h 10m 35s)

---------------  T H R E A D  ---------------

Current thread (0x000001c03580c900):  JavaThread "C2 CompilerThread0" daemon [_thread_in_native, id=147596, stack(0x0000008608800000,0x0000008608900000)]


Current CompileTask:
C2: 635671 5505 %     4       java.util.Properties::saveConvert @ 43 (383 bytes)

Stack: [0x0000008608800000,0x0000008608900000]
Native frames: (J=compiled Java code, j=interpreted, Vv=VM code, C=native code)
V  [jvm.dll+0x67733a]
V  [jvm.dll+0x8323c4]
V  [jvm.dll+0x833b6e]
V  [jvm.dll+0x8341d3]
V  [jvm.dll+0x2455e5]
V  [jvm.dll+0xabd7b]
V  [jvm.dll+0xac30c]
V  [jvm.dll+0x363a22]
V  [jvm.dll+0x1bbba2]
V  [jvm.dll+0x218629]
V  [jvm.dll+0x2178f1]
V  [jvm.dll+0x1a3f8d]
V  [jvm.dll+0x227308]
V  [jvm.dll+0x225455]
V  [jvm.dll+0x7e7eeb]
V  [jvm.dll+0x7e245a]
V  [jvm.dll+0x6761c5]
C  [ucrtbase.dll+0x21bb2]
C  [KERNEL32.DLL+0x17034]
C  [ntdll.dll+0x52651]


---------------  P R O C E S S  ---------------

Threads class SMR info:
_java_thread_list=0x000001c03b384ac0, length=29, elements={
0x000001c034bae660, 0x000001c034bc70d0, 0x000001c034bfb5a0, 0x000001c034bfce70,
0x000001c034bfded0, 0x000001c035808810, 0x000001c03580c900, 0x000001c0358170b0,
0x000001c03586f9c0, 0x000001c03596ffe0, 0x000001c0359985c0, 0x000001c037a593a0,
0x000001c037a5a210, 0x000001c037a5b550, 0x000001c037a5ba20, 0x000001c037a59870,
0x000001c037a59d40, 0x000001c037a58ed0, 0x000001c037a5a6e0, 0x000001c037a5abb0,
0x000001c037a5b080, 0x000001c037a58060, 0x000001c0394115e0, 0x000001c0394102a0,
0x000001c03940b0d0, 0x000001c039410c40, 0x000001c039411f80, 0x000001c03940cdb0,
0x000001c03940c410
}

Java Threads: ( => current thread )
  0x000001c034bae660 JavaThread "Reference Handler" daemon [_thread_blocked, id=142396, stack(0x0000008608200000,0x0000008608300000)]
  0x000001c034bc70d0 JavaThread "Finalizer" daemon [_thread_blocked, id=140528, stack(0x0000008608300000,0x0000008608400000)]
  0x000001c034bfb5a0 JavaThread "Signal Dispatcher" daemon [_thread_blocked, id=165916, stack(0x0000008608400000,0x0000008608500000)]
  0x000001c034bfce70 JavaThread "Attach Listener" daemon [_thread_blocked, id=137964, stack(0x0000008608500000,0x0000008608600000)]
  0x000001c034bfded0 JavaThread "Service Thread" daemon [_thread_blocked, id=167676, stack(0x0000008608600000,0x0000008608700000)]
  0x000001c035808810 JavaThread "Monitor Deflation Thread" daemon [_thread_blocked, id=107292, stack(0x0000008608700000,0x0000008608800000)]
=>0x000001c03580c900 JavaThread "C2 CompilerThread0" daemon [_thread_in_native, id=147596, stack(0x0000008608800000,0x0000008608900000)]
  0x000001c0358170b0 JavaThread "C1 CompilerThread0" daemon [_thread_blocked, id=161352, stack(0x0000008608900000,0x0000008608a00000)]
  0x000001c03586f9c0 JavaThread "Sweeper thread" daemon [_thread_blocked, id=149364, stack(0x0000008608a00000,0x0000008608b00000)]
  0x000001c03596ffe0 JavaThread "Notification Thread" daemon [_thread_blocked, id=173912, stack(0x0000008608b00000,0x0000008608c00000)]
  0x000001c0359985c0 JavaThread "Common-Cleaner" daemon [_thread_blocked, id=133448, stack(0x0000008608d00000,0x0000008608e00000)]
  0x000001c037a593a0 JavaThread "Catalina-utility-1" [_thread_blocked, id=171356, stack(0x0000008608f00000,0x0000008609000000)]
  0x000001c037a5a210 JavaThread "Catalina-utility-2" [_thread_blocked, id=160308, stack(0x0000008609000000,0x0000008609100000)]
  0x000001c037a5b550 JavaThread "container-0" [_thread_blocked, id=157040, stack(0x0000008609100000,0x0000008609200000)]
  0x000001c037a5ba20 JavaThread "mysql-cj-abandoned-connection-cleanup" daemon [_thread_blocked, id=125240, stack(0x0000008609200000,0x0000008609300000)]
  0x000001c037a59870 JavaThread "HikariPool-1 housekeeper" daemon [_thread_blocked, id=156204, stack(0x0000008609400000,0x0000008609500000)]
  0x000001c037a59d40 JavaThread "http-nio-8081-exec-1" daemon [_thread_blocked, id=174984, stack(0x0000008609500000,0x0000008609600000)]
  0x000001c037a58ed0 JavaThread "http-nio-8081-exec-2" daemon [_thread_blocked, id=143796, stack(0x0000008609600000,0x0000008609700000)]
  0x000001c037a5a6e0 JavaThread "http-nio-8081-exec-3" daemon [_thread_blocked, id=79224, stack(0x0000008609700000,0x0000008609800000)]
  0x000001c037a5abb0 JavaThread "http-nio-8081-exec-4" daemon [_thread_blocked, id=8972, stack(0x0000008609800000,0x0000008609900000)]
  0x000001c037a5b080 JavaThread "http-nio-8081-exec-5" daemon [_thread_blocked, id=154760, stack(0x0000008609900000,0x0000008609a00000)]
  0x000001c037a58060 JavaThread "http-nio-8081-exec-6" daemon [_thread_blocked, id=157108, stack(0x0000008609a00000,0x0000008609b00000)]
  0x000001c0394115e0 JavaThread "http-nio-8081-exec-7" daemon [_thread_blocked, id=161376, stack(0x0000008609b00000,0x0000008609c00000)]
  0x000001c0394102a0 JavaThread "http-nio-8081-exec-8" daemon [_thread_blocked, id=155712, stack(0x0000008609c00000,0x0000008609d00000)]
  0x000001c03940b0d0 JavaThread "http-nio-8081-exec-9" daemon [_thread_blocked, id=155804, stack(0x0000008609d00000,0x0000008609e00000)]
  0x000001c039410c40 JavaThread "http-nio-8081-exec-10" daemon [_thread_blocked, id=145328, stack(0x0000008609e00000,0x0000008609f00000)]
  0x000001c039411f80 JavaThread "http-nio-8081-Poller" daemon [_thread_in_native, id=83268, stack(0x0000008609f00000,0x000000860a000000)]
  0x000001c03940cdb0 JavaThread "http-nio-8081-Acceptor" daemon [_thread_in_native, id=181772, stack(0x000000860a000000,0x000000860a100000)]
  0x000001c03940c410 JavaThread "DestroyJavaVM" [_thread_blocked, id=140868, stack(0x0000008607b00000,0x0000008607c00000)]

Other Threads:
  0x000001c034bc6b20 VMThread "VM Thread" [stack: 0x0000008608100000,0x0000008608200000] [id=129944]
  0x000001c0359784d0 WatcherThread [stack: 0x0000008608c00000,0x0000008608d00000] [id=152344]
  0x000001c01b7a5610 GCTaskThread "GC Thread#0" [stack: 0x0000008607c00000,0x0000008607d00000] [id=168616]
  0x000001c035b50a50 GCTaskThread "GC Thread#1" [stack: 0x0000008608e00000,0x0000008608f00000] [id=150516]
  0x000001c01b7b7960 ConcurrentGCThread "G1 Main Marker" [stack: 0x0000008607d00000,0x0000008607e00000] [id=151360]
  0x000001c01b7b8c50 ConcurrentGCThread "G1 Conc#0" [stack: 0x0000008607e00000,0x0000008607f00000] [id=152024]
  0x000001c01b8151c0 ConcurrentGCThread "G1 Refine#0" [stack: 0x0000008607f00000,0x0000008608000000] [id=179264]
  0x000001c01b8164c0 ConcurrentGCThread "G1 Service" [stack: 0x0000008608000000,0x0000008608100000] [id=158976]

Threads with active compile tasks:
C2 CompilerThread0   635695 5505 %     4       java.util.Properties::saveConvert @ 43 (383 bytes)

VM state: not at safepoint (normal execution)

VM Mutex/Monitor currently owned by a thread: None

Heap address: 0x0000000080000000, size: 2048 MB, Compressed Oops mode: 32-bit

CDS archive(s) not mapped
Compressed class space mapped at: 0x0000000100000000-0x0000000140000000, reserved size: 1073741824
Narrow klass base: 0x0000000000000000, Narrow klass shift: 3, Narrow klass range: 0x140000000

GC Precious Log:
 CPUs: 2 total, 2 available
 Memory: 8190M
 Large Page Support: Disabled
 NUMA Support: Disabled
 Compressed Oops: Enabled (32-bit)
 Heap Region Size: 1M
 Heap Min Capacity: 8M
 Heap Initial Capacity: 128M
 Heap Max Capacity: 2G
 Pre-touch: Disabled
 Parallel Workers: 2
 Concurrent Workers: 1
 Concurrent Refinement Workers: 2
 Periodic GC: Disabled

Heap:
 garbage-first heap   total 73728K, used 45262K [0x0000000080000000, 0x0000000100000000)
  region size 1024K, 9 young (9216K), 1 survivors (1024K)
 Metaspace       used 66850K, committed 67264K, reserved 1114112K
  class space    used 8554K, committed 8768K, reserved 1048576K

Heap Regions: E=young(eden), S=young(survivor), O=old, HS=humongous(starts), HC=humongous(continues), CS=collection set, F=free, OA=open archive, CA=closed archive, TAMS=top-at-mark-start (previous, next)
|   0|0x0000000080000000, 0x0000000080100000, 0x0000000080100000|100%|HS|  |TAMS 0x0000000080100000, 0x0000000080000000| Complete 
|   1|0x0000000080100000, 0x0000000080200000, 0x0000000080200000|100%| O|  |TAMS 0x0000000080200000, 0x0000000080100000| Untracked 
|   2|0x0000000080200000, 0x0000000080300000, 0x0000000080300000|100%| O|  |TAMS 0x0000000080300000, 0x0000000080200000| Untracked 
|   3|0x0000000080300000, 0x0000000080400000, 0x0000000080400000|100%| O|  |TAMS 0x0000000080400000, 0x0000000080300000| Untracked 
|   4|0x0000000080400000, 0x0000000080500000, 0x0000000080500000|100%| O|  |TAMS 0x0000000080500000, 0x0000000080400000| Untracked 
|   5|0x0000000080500000, 0x00000000805ef600, 0x0000000080600000| 93%| O|  |TAMS 0x00000000805ef600, 0x0000000080500000| Untracked 
|   6|0x0000000080600000, 0x0000000080700000, 0x0000000080700000|100%| O|  |TAMS 0x0000000080700000, 0x0000000080600000| Untracked 
|   7|0x0000000080700000, 0x0000000080800000, 0x0000000080800000|100%| O|  |TAMS 0x0000000080800000, 0x0000000080700000| Untracked 
|   8|0x0000000080800000, 0x0000000080900000, 0x0000000080900000|100%| O|  |TAMS 0x0000000080900000, 0x0000000080800000| Untracked 
|   9|0x0000000080900000, 0x0000000080a00000, 0x0000000080a00000|100%| O|  |TAMS 0x0000000080a00000, 0x0000000080900000| Untracked 
|  10|0x0000000080a00000, 0x0000000080b00000, 0x0000000080b00000|100%| O|  |TAMS 0x0000000080b00000, 0x0000000080a00000| Untracked 
|  11|0x0000000080b00000, 0x0000000080c00000, 0x0000000080c00000|100%| O|  |TAMS 0x0000000080c00000, 0x0000000080b00000| Untracked 
|  12|0x0000000080c00000, 0x0000000080d00000, 0x0000000080d00000|100%| O|  |TAMS 0x0000000080d00000, 0x0000000080c00000| Untracked 
|  13|0x0000000080d00000, 0x0000000080e00000, 0x0000000080e00000|100%| O|  |TAMS 0x0000000080e00000, 0x0000000080d00000| Untracked 
|  14|0x0000000080e00000, 0x0000000080f00000, 0x0000000080f00000|100%| O|  |TAMS 0x0000000080f00000, 0x0000000080e00000| Untracked 
|  15|0x0000000080f00000, 0x0000000081000000, 0x0000000081000000|100%| O|  |TAMS 0x0000000081000000, 0x0000000080f00000| Untracked 
|  16|0x0000000081000000, 0x0000000081100000, 0x0000000081100000|100%| O|  |TAMS 0x0000000081100000, 0x0000000081000000| Untracked 
|  17|0x0000000081100000, 0x0000000081200000, 0x0000000081200000|100%| O|  |TAMS 0x0000000081200000, 0x0000000081100000| Untracked 
|  18|0x0000000081200000, 0x0000000081300000, 0x0000000081300000|100%| O|  |TAMS 0x0000000081300000, 0x0000000081200000| Untracked 
|  19|0x0000000081300000, 0x0000000081400000, 0x0000000081400000|100%| O|  |TAMS 0x0000000081400000, 0x0000000081300000| Untracked 
|  20|0x0000000081400000, 0x0000000081500000, 0x0000000081500000|100%| O|  |TAMS 0x0000000081500000, 0x0000000081400000| Untracked 
|  21|0x0000000081500000, 0x0000000081600000, 0x0000000081600000|100%| O|  |TAMS 0x0000000081600000, 0x0000000081500000| Untracked 
|  22|0x0000000081600000, 0x0000000081700000, 0x0000000081700000|100%| O|  |TAMS 0x0000000081700000, 0x0000000081600000| Untracked 
|  23|0x0000000081700000, 0x0000000081800000, 0x0000000081800000|100%| O|  |TAMS 0x0000000081800000, 0x0000000081700000| Untracked 
|  24|0x0000000081800000, 0x0000000081900000, 0x0000000081900000|100%| O|  |TAMS 0x0000000081900000, 0x0000000081800000| Untracked 
|  25|0x0000000081900000, 0x0000000081a00000, 0x0000000081a00000|100%| O|  |TAMS 0x00000000819bf200, 0x0000000081900000| Untracked 
|  26|0x0000000081a00000, 0x0000000081b00000, 0x0000000081b00000|100%| O|  |TAMS 0x0000000081a00000, 0x0000000081a00000| Untracked 
|  27|0x0000000081b00000, 0x0000000081b00000, 0x0000000081c00000|  0%| F|  |TAMS 0x0000000081b00000, 0x0000000081b00000| Untracked 
|  28|0x0000000081c00000, 0x0000000081d00000, 0x0000000081d00000|100%| O|  |TAMS 0x0000000081d00000, 0x0000000081c00000| Untracked 
|  29|0x0000000081d00000, 0x0000000081e00000, 0x0000000081e00000|100%| O|  |TAMS 0x0000000081d00000, 0x0000000081d00000| Untracked 
|  30|0x0000000081e00000, 0x0000000081f00000, 0x0000000081f00000|100%| O|  |TAMS 0x0000000081e00000, 0x0000000081e00000| Untracked 
|  31|0x0000000081f00000, 0x0000000082000000, 0x0000000082000000|100%| O|  |TAMS 0x0000000081f00000, 0x0000000081f00000| Untracked 
|  32|0x0000000082000000, 0x0000000082000000, 0x0000000082100000|  0%| F|  |TAMS 0x0000000082000000, 0x0000000082000000| Untracked 
|  33|0x0000000082100000, 0x0000000082100000, 0x0000000082200000|  0%| F|  |TAMS 0x0000000082100000, 0x0000000082100000| Untracked 
|  34|0x0000000082200000, 0x0000000082200000, 0x0000000082300000|  0%| F|  |TAMS 0x0000000082200000, 0x0000000082200000| Untracked 
|  35|0x0000000082300000, 0x0000000082300000, 0x0000000082400000|  0%| F|  |TAMS 0x0000000082300000, 0x0000000082300000| Untracked 
|  36|0x0000000082400000, 0x0000000082500000, 0x0000000082500000|100%| O|  |TAMS 0x0000000082500000, 0x0000000082400000| Untracked 
|  37|0x0000000082500000, 0x0000000082600000, 0x0000000082600000|100%| O|  |TAMS 0x0000000082500000, 0x0000000082500000| Untracked 
|  38|0x0000000082600000, 0x0000000082700000, 0x0000000082700000|100%| O|  |TAMS 0x0000000082600000, 0x0000000082600000| Untracked 
|  39|0x0000000082700000, 0x0000000082800000, 0x0000000082800000|100%| O|  |TAMS 0x0000000082700000, 0x0000000082700000| Untracked 
|  40|0x0000000082800000, 0x0000000082900000, 0x0000000082900000|100%| O|  |TAMS 0x0000000082800000, 0x0000000082800000| Untracked 
|  41|0x0000000082900000, 0x00000000829f2e00, 0x0000000082a00000| 94%| O|  |TAMS 0x0000000082900000, 0x0000000082900000| Untracked 
|  42|0x0000000082a00000, 0x0000000082a00000, 0x0000000082b00000|  0%| F|  |TAMS 0x0000000082a00000, 0x0000000082a00000| Untracked 
|  43|0x0000000082b00000, 0x0000000082b00000, 0x0000000082c00000|  0%| F|  |TAMS 0x0000000082b00000, 0x0000000082b00000| Untracked 
|  44|0x0000000082c00000, 0x0000000082c00000, 0x0000000082d00000|  0%| F|  |TAMS 0x0000000082c00000, 0x0000000082c00000| Untracked 
|  45|0x0000000082d00000, 0x0000000082d00000, 0x0000000082e00000|  0%| F|  |TAMS 0x0000000082d00000, 0x0000000082d00000| Untracked 
|  46|0x0000000082e00000, 0x0000000082e00000, 0x0000000082f00000|  0%| F|  |TAMS 0x0000000082e00000, 0x0000000082e00000| Untracked 
|  47|0x0000000082f00000, 0x0000000082f00000, 0x0000000083000000|  0%| F|  |TAMS 0x0000000082f00000, 0x0000000082f00000| Untracked 
|  48|0x0000000083000000, 0x0000000083000000, 0x0000000083100000|  0%| F|  |TAMS 0x0000000083000000, 0x0000000083000000| Untracked 
|  49|0x0000000083100000, 0x0000000083100000, 0x0000000083200000|  0%| F|  |TAMS 0x0000000083100000, 0x0000000083100000| Untracked 
|  50|0x0000000083200000, 0x0000000083200000, 0x0000000083300000|  0%| F|  |TAMS 0x0000000083200000, 0x0000000083200000| Untracked 
|  51|0x0000000083300000, 0x0000000083300000, 0x0000000083400000|  0%| F|  |TAMS 0x0000000083300000, 0x0000000083300000| Untracked 
|  52|0x0000000083400000, 0x0000000083400000, 0x0000000083500000|  0%| F|  |TAMS 0x0000000083400000, 0x0000000083400000| Untracked 
|  53|0x0000000083500000, 0x0000000083500000, 0x0000000083600000|  0%| F|  |TAMS 0x0000000083500000, 0x0000000083500000| Untracked 
|  54|0x0000000083600000, 0x0000000083600000, 0x0000000083700000|  0%| F|  |TAMS 0x0000000083600000, 0x0000000083600000| Untracked 
|  55|0x0000000083700000, 0x0000000083700000, 0x0000000083800000|  0%| F|  |TAMS 0x0000000083700000, 0x0000000083700000| Untracked 
|  56|0x0000000083800000, 0x0000000083800000, 0x0000000083900000|  0%| F|  |TAMS 0x0000000083800000, 0x0000000083800000| Untracked 
|  57|0x0000000083900000, 0x0000000083900000, 0x0000000083a00000|  0%| F|  |TAMS 0x0000000083900000, 0x0000000083900000| Untracked 
|  58|0x0000000083a00000, 0x0000000083a00000, 0x0000000083b00000|  0%| F|  |TAMS 0x0000000083a00000, 0x0000000083a00000| Untracked 
|  59|0x0000000083b00000, 0x0000000083b00000, 0x0000000083c00000|  0%| F|  |TAMS 0x0000000083b00000, 0x0000000083b00000| Untracked 
|  60|0x0000000083c00000, 0x0000000083c00000, 0x0000000083d00000|  0%| F|  |TAMS 0x0000000083c00000, 0x0000000083c00000| Untracked 
|  61|0x0000000083d00000, 0x0000000083d00000, 0x0000000083e00000|  0%| F|  |TAMS 0x0000000083d00000, 0x0000000083d00000| Untracked 
|  62|0x0000000083e00000, 0x0000000083e00000, 0x0000000083f00000|  0%| F|  |TAMS 0x0000000083e00000, 0x0000000083e00000| Untracked 
|  63|0x0000000083f00000, 0x0000000083f5b420, 0x0000000084000000| 35%| E|  |TAMS 0x0000000083f00000, 0x0000000083f00000| Complete 
|  64|0x0000000084000000, 0x0000000084100000, 0x0000000084100000|100%| E|CS|TAMS 0x0000000084000000, 0x0000000084000000| Complete 
|  65|0x0000000084100000, 0x0000000084200000, 0x0000000084200000|100%| E|CS|TAMS 0x0000000084100000, 0x0000000084100000| Complete 
|  66|0x0000000084200000, 0x0000000084300000, 0x0000000084300000|100%| E|CS|TAMS 0x0000000084200000, 0x0000000084200000| Complete 
|  67|0x0000000084300000, 0x0000000084400000, 0x0000000084400000|100%| E|CS|TAMS 0x0000000084300000, 0x0000000084300000| Complete 
|  97|0x0000000086100000, 0x0000000086200000, 0x0000000086200000|100%| E|CS|TAMS 0x0000000086100000, 0x0000000086100000| Complete 
|  98|0x0000000086200000, 0x0000000086300000, 0x0000000086300000|100%| E|CS|TAMS 0x0000000086200000, 0x0000000086200000| Complete 
|  99|0x0000000086300000, 0x0000000086351470, 0x0000000086400000| 31%| S|CS|TAMS 0x0000000086300000, 0x0000000086300000| Complete 
| 127|0x0000000087f00000, 0x0000000088000000, 0x0000000088000000|100%| E|CS|TAMS 0x0000000087f00000, 0x0000000087f00000| Complete 

Card table byte_map: [0x000001c02e210000,0x000001c02e610000] _byte_map_base: 0x000001c02de10000

Marking Bits (Prev, Next): (CMBitMap*) 0x000001c01b7a7070, (CMBitMap*) 0x000001c01b7a7030
 Prev Bits: [0x000001c030a10000, 0x000001c032a10000)
 Next Bits: [0x000001c02ea10000, 0x000001c030a10000)

Polling page: 0x000001c01af20000

Metaspace:

Usage:
  Non-class:     56.93 MB used.
      Class:      8.35 MB used.
       Both:     65.28 MB used.

Virtual space:
  Non-class space:       64.00 MB reserved,      57.12 MB ( 89%) committed,  8 nodes.
      Class space:        1.00 GB reserved,       8.56 MB ( <1%) committed,  1 nodes.
             Both:        1.06 GB reserved,      65.69 MB (  6%) committed. 

Chunk freelists:
   Non-Class:  2.45 MB
       Class:  3.42 MB
        Both:  5.87 MB

MaxMetaspaceSize: unlimited
CompressedClassSpaceSize: 1.00 GB
Initial GC threshold: 21.00 MB
Current GC threshold: 102.44 MB
CDS: off
MetaspaceReclaimPolicy: balanced
 - commit_granule_bytes: 65536.
 - commit_granule_words: 8192.
 - virtual_space_node_default_size: 1048576.
 - enlarge_chunks_in_place: 1.
 - new_chunks_are_fully_committed: 0.
 - uncommit_free_chunks: 1.
 - use_allocation_guard: 0.
 - handle_deallocations: 1.


Internal statistics:

num_allocs_failed_limit: 9.
num_arena_births: 438.
num_arena_deaths: 0.
num_vsnodes_births: 9.
num_vsnodes_deaths: 0.
num_space_committed: 1051.
num_space_uncommitted: 0.
num_chunks_returned_to_freelist: 9.
num_chunks_taken_from_freelist: 2561.
num_chunk_merges: 6.
num_chunk_splits: 1831.
num_chunks_enlarged: 1453.
num_purges: 0.
num_inconsistent_stats: 0.

CodeHeap 'non-profiled nmethods': size=120064Kb used=2656Kb max_used=2688Kb free=117407Kb
 bounds [0x000001c0268d0000, 0x000001c026ba0000, 0x000001c02de10000]
CodeHeap 'profiled nmethods': size=120000Kb used=9911Kb max_used=10441Kb free=110088Kb
 bounds [0x000001c01f3a0000, 0x000001c01fe00000, 0x000001c0268d0000]
CodeHeap 'non-nmethods': size=5696Kb used=1301Kb max_used=1384Kb free=4394Kb
 bounds [0x000001c01ee10000, 0x000001c01f080000, 0x000001c01f3a0000]
 total_blobs=5397 nmethods=4782 adapters=527
 compilation: enabled
              stopped_count=0, restarted_count=0
 full_count=0

Compilation events (20 events):
Event: 630.034 Thread 0x000001c0358170b0 nmethod 5496 0x000001c01f450710 code [0x000001c01f4508c0, 0x000001c01f450b88]
Event: 630.034 Thread 0x000001c0358170b0 5497       3       java.util.Properties::getProperty (50 bytes)
Event: 630.035 Thread 0x000001c0358170b0 nmethod 5497 0x000001c01f44fe90 code [0x000001c01f450060, 0x000001c01f4505b8]
Event: 630.225 Thread 0x000001c0358170b0 5498       3       java.io.BufferedWriter::min (9 bytes)
Event: 630.225 Thread 0x000001c0358170b0 nmethod 5498 0x000001c01f44fb10 code [0x000001c01f44fca0, 0x000001c01f44fe18]
Event: 630.225 Thread 0x000001c0358170b0 5500   !   3       java.io.BufferedWriter::write (117 bytes)
Event: 630.226 Thread 0x000001c0358170b0 nmethod 5500 0x000001c01f44ef90 code [0x000001c01f44f180, 0x000001c01f44f768]
Event: 630.226 Thread 0x000001c0358170b0 5499       3       java.io.Writer::write (11 bytes)
Event: 630.226 Thread 0x000001c0358170b0 nmethod 5499 0x000001c01f44e990 code [0x000001c01f44eb40, 0x000001c01f44ee08]
Event: 630.226 Thread 0x000001c0358170b0 5501       3       java.util.HexFormat::withUpperCase (23 bytes)
Event: 630.226 Thread 0x000001c0358170b0 nmethod 5501 0x000001c01f44e510 code [0x000001c01f44e6c0, 0x000001c01f44e888]
Event: 630.226 Thread 0x000001c0358170b0 5502       3       java.util.HexFormat::<init> (50 bytes)
Event: 630.227 Thread 0x000001c0358170b0 nmethod 5502 0x000001c01fb74f10 code [0x000001c01fb75120, 0x000001c01fb75828]
Event: 635.604 Thread 0x000001c0358170b0 5503       3       java.lang.System::lineSeparator (4 bytes)
Event: 635.604 Thread 0x000001c0358170b0 nmethod 5503 0x000001c01f8c8710 code [0x000001c01f8c88a0, 0x000001c01f8c8998]
Event: 635.604 Thread 0x000001c0358170b0 5504       3       java.io.BufferedWriter::newLine (8 bytes)
Event: 635.605 Thread 0x000001c0358170b0 nmethod 5504 0x000001c01fb74810 code [0x000001c01fb749e0, 0x000001c01fb74d88]
Event: 635.605 Thread 0x000001c0358170b0 5506 %     3       sun.nio.cs.ISO_8859_1$Encoder::implEncodeISOArray @ 3 (47 bytes)
Event: 635.605 Thread 0x000001c03580c900 5505 %     4       java.util.Properties::saveConvert @ 43 (383 bytes)
Event: 635.605 Thread 0x000001c0358170b0 nmethod 5506% 0x000001c01f44df10 code [0x000001c01f44e0c0, 0x000001c01f44e3b8]

GC Heap History (20 events):
Event: 11.215 GC heap before
{Heap before GC invocations=17 (full 0):
 garbage-first heap   total 61440K, used 23082K [0x0000000080000000, 0x0000000100000000)
  region size 1024K, 4 young (4096K), 3 survivors (3072K)
 Metaspace       used 59797K, committed 60096K, reserved 1105920K
  class space    used 7666K, committed 7808K, reserved 1048576K
}
Event: 11.235 GC heap after
{Heap after GC invocations=18 (full 0):
 garbage-first heap   total 61440K, used 23297K [0x0000000080000000, 0x0000000100000000)
  region size 1024K, 2 young (2048K), 2 survivors (2048K)
 Metaspace       used 59797K, committed 60096K, reserved 1105920K
  class space    used 7666K, committed 7808K, reserved 1048576K
}
Event: 12.065 GC heap before
{Heap before GC invocations=19 (full 0):
 garbage-first heap   total 61440K, used 48897K [0x0000000080000000, 0x0000000100000000)
  region size 1024K, 26 young (26624K), 2 survivors (2048K)
 Metaspace       used 61312K, committed 61696K, reserved 1105920K
  class space    used 7852K, committed 8064K, reserved 1048576K
}
Event: 12.078 GC heap after
{Heap after GC invocations=20 (full 0):
 garbage-first heap   total 61440K, used 27486K [0x0000000080000000, 0x0000000100000000)
  region size 1024K, 4 young (4096K), 4 survivors (4096K)
 Metaspace       used 61312K, committed 61696K, reserved 1105920K
  class space    used 7852K, committed 8064K, reserved 1048576K
}
Event: 12.792 GC heap before
{Heap before GC invocations=20 (full 0):
 garbage-first heap   total 61440K, used 46942K [0x0000000080000000, 0x0000000100000000)
  region size 1024K, 24 young (24576K), 4 survivors (4096K)
 Metaspace       used 61462K, committed 61888K, reserved 1105920K
  class space    used 7865K, committed 8064K, reserved 1048576K
}
Event: 12.802 GC heap after
{Heap after GC invocations=21 (full 0):
 garbage-first heap   total 61440K, used 29317K [0x0000000080000000, 0x0000000100000000)
  region size 1024K, 2 young (2048K), 2 survivors (2048K)
 Metaspace       used 61462K, committed 61888K, reserved 1105920K
  class space    used 7865K, committed 8064K, reserved 1048576K
}
Event: 12.921 GC heap before
{Heap before GC invocations=21 (full 0):
 garbage-first heap   total 61440K, used 31365K [0x0000000080000000, 0x0000000100000000)
  region size 1024K, 6 young (6144K), 2 survivors (2048K)
 Metaspace       used 61486K, committed 61888K, reserved 1105920K
  class space    used 7865K, committed 8064K, reserved 1048576K
}
Event: 12.925 GC heap after
{Heap after GC invocations=22 (full 0):
 garbage-first heap   total 73728K, used 30269K [0x0000000080000000, 0x0000000100000000)
  region size 1024K, 1 young (1024K), 1 survivors (1024K)
 Metaspace       used 61486K, committed 61888K, reserved 1105920K
  class space    used 7865K, committed 8064K, reserved 1048576K
}
Event: 13.355 GC heap before
{Heap before GC invocations=22 (full 0):
 garbage-first heap   total 73728K, used 54845K [0x0000000080000000, 0x0000000100000000)
  region size 1024K, 25 young (25600K), 1 survivors (1024K)
 Metaspace       used 61542K, committed 61952K, reserved 1105920K
  class space    used 7865K, committed 8064K, reserved 1048576K
}
Event: 13.373 GC heap after
{Heap after GC invocations=23 (full 0):
 garbage-first heap   total 73728K, used 36990K [0x0000000080000000, 0x0000000100000000)
  region size 1024K, 4 young (4096K), 4 survivors (4096K)
 Metaspace       used 61542K, committed 61952K, reserved 1105920K
  class space    used 7865K, committed 8064K, reserved 1048576K
}
Event: 13.500 GC heap before
{Heap before GC invocations=23 (full 0):
 garbage-first heap   total 73728K, used 41086K [0x0000000080000000, 0x0000000100000000)
  region size 1024K, 10 young (10240K), 4 survivors (4096K)
 Metaspace       used 61554K, committed 61952K, reserved 1105920K
  class space    used 7865K, committed 8064K, reserved 1048576K
}
Event: 13.510 GC heap after
{Heap after GC invocations=24 (full 0):
 garbage-first heap   total 73728K, used 38762K [0x0000000080000000, 0x0000000100000000)
  region size 1024K, 2 young (2048K), 2 survivors (2048K)
 Metaspace       used 61554K, committed 61952K, reserved 1105920K
  class space    used 7865K, committed 8064K, reserved 1048576K
}
Event: 13.859 GC heap before
{Heap before GC invocations=25 (full 0):
 garbage-first heap   total 73728K, used 53098K [0x0000000080000000, 0x0000000100000000)
  region size 1024K, 19 young (19456K), 2 survivors (2048K)
 Metaspace       used 61588K, committed 61952K, reserved 1105920K
  class space    used 7865K, committed 8064K, reserved 1048576K
}
Event: 13.868 GC heap after
{Heap after GC invocations=26 (full 0):
 garbage-first heap   total 73728K, used 39610K [0x0000000080000000, 0x0000000100000000)
  region size 1024K, 3 young (3072K), 3 survivors (3072K)
 Metaspace       used 61588K, committed 61952K, reserved 1105920K
  class space    used 7865K, committed 8064K, reserved 1048576K
}
Event: 14.485 GC heap before
{Heap before GC invocations=26 (full 0):
 garbage-first heap   total 73728K, used 55994K [0x0000000080000000, 0x0000000100000000)
  region size 1024K, 19 young (19456K), 3 survivors (3072K)
 Metaspace       used 62510K, committed 62912K, reserved 1105920K
  class space    used 7994K, committed 8192K, reserved 1048576K
}
Event: 14.503 GC heap after
{Heap after GC invocations=27 (full 0):
 garbage-first heap   total 73728K, used 44184K [0x0000000080000000, 0x0000000100000000)
  region size 1024K, 3 young (3072K), 3 survivors (3072K)
 Metaspace       used 62510K, committed 62912K, reserved 1105920K
  class space    used 7994K, committed 8192K, reserved 1048576K
}
Event: 17.829 GC heap before
{Heap before GC invocations=28 (full 0):
 garbage-first heap   total 73728K, used 52376K [0x0000000080000000, 0x0000000100000000)
  region size 1024K, 15 young (15360K), 3 survivors (3072K)
 Metaspace       used 65513K, committed 65920K, reserved 1114112K
  class space    used 8364K, committed 8576K, reserved 1048576K
}
Event: 17.844 GC heap after
{Heap after GC invocations=29 (full 0):
 garbage-first heap   total 73728K, used 42596K [0x0000000080000000, 0x0000000100000000)
  region size 1024K, 2 young (2048K), 2 survivors (2048K)
 Metaspace       used 65513K, committed 65920K, reserved 1114112K
  class space    used 8364K, committed 8576K, reserved 1048576K
}
Event: 18.016 GC heap before
{Heap before GC invocations=29 (full 0):
 garbage-first heap   total 73728K, used 43620K [0x0000000080000000, 0x0000000100000000)
  region size 1024K, 3 young (3072K), 2 survivors (2048K)
 Metaspace       used 65570K, committed 65920K, reserved 1114112K
  class space    used 8372K, committed 8576K, reserved 1048576K
}
Event: 18.026 GC heap after
{Heap after GC invocations=30 (full 0):
 garbage-first heap   total 73728K, used 38094K [0x0000000080000000, 0x0000000100000000)
  region size 1024K, 1 young (1024K), 1 survivors (1024K)
 Metaspace       used 65570K, committed 65920K, reserved 1114112K
  class space    used 8372K, committed 8576K, reserved 1048576K
}

Deoptimization events (20 events):
Event: 18.404 Thread 0x000001c037a5a6e0 Uncommon trap: trap_request=0xffffff45 fr.pc=0x000001c026a7deac relative=0x000000000000036c
Event: 18.404 Thread 0x000001c037a5a6e0 Uncommon trap: reason=unstable_if action=reinterpret pc=0x000001c026a7deac method=java.util.HashMap.getNode(Ljava/lang/Object;)Ljava/util/HashMap$Node; @ 66 c2
Event: 18.404 Thread 0x000001c037a5a6e0 DEOPT PACKING pc=0x000001c026a7deac sp=0x00000086097fb2b0
Event: 18.404 Thread 0x000001c037a5a6e0 DEOPT UNPACKING pc=0x000001c01ee65c23 sp=0x00000086097fb1d0 mode 2
Event: 237.358 Thread 0x000001c037a593a0 Uncommon trap: trap_request=0xffffffbe fr.pc=0x000001c026a37bfc relative=0x000000000000285c
Event: 237.358 Thread 0x000001c037a593a0 Uncommon trap: reason=profile_predicate action=maybe_recompile pc=0x000001c026a37bfc method=java.util.TreeMap.put(Ljava/lang/Object;Ljava/lang/Object;Z)Ljava/lang/Object; @ 27 c2
Event: 237.358 Thread 0x000001c037a593a0 DEOPT PACKING pc=0x000001c026a37bfc sp=0x0000008608ffec30
Event: 237.358 Thread 0x000001c037a593a0 DEOPT UNPACKING pc=0x000001c01ee65c23 sp=0x0000008608ffebf0 mode 2
Event: 237.358 Thread 0x000001c037a593a0 Uncommon trap: trap_request=0xffffffbe fr.pc=0x000001c026a37bfc relative=0x000000000000285c
Event: 237.358 Thread 0x000001c037a593a0 Uncommon trap: reason=profile_predicate action=maybe_recompile pc=0x000001c026a37bfc method=java.util.TreeMap.put(Ljava/lang/Object;Ljava/lang/Object;Z)Ljava/lang/Object; @ 27 c2
Event: 237.358 Thread 0x000001c037a593a0 DEOPT PACKING pc=0x000001c026a37bfc sp=0x0000008608ffec30
Event: 237.358 Thread 0x000001c037a593a0 DEOPT UNPACKING pc=0x000001c01ee65c23 sp=0x0000008608ffebf0 mode 2
Event: 237.358 Thread 0x000001c037a593a0 Uncommon trap: trap_request=0xffffffbe fr.pc=0x000001c026a37bfc relative=0x000000000000285c
Event: 237.358 Thread 0x000001c037a593a0 Uncommon trap: reason=profile_predicate action=maybe_recompile pc=0x000001c026a37bfc method=java.util.TreeMap.put(Ljava/lang/Object;Ljava/lang/Object;Z)Ljava/lang/Object; @ 27 c2
Event: 237.358 Thread 0x000001c037a593a0 DEOPT PACKING pc=0x000001c026a37bfc sp=0x0000008608ffec30
Event: 237.358 Thread 0x000001c037a593a0 DEOPT UNPACKING pc=0x000001c01ee65c23 sp=0x0000008608ffebf0 mode 2
Event: 247.371 Thread 0x000001c037a593a0 Uncommon trap: trap_request=0xffffffbe fr.pc=0x000001c026a37bfc relative=0x000000000000285c
Event: 247.371 Thread 0x000001c037a593a0 Uncommon trap: reason=profile_predicate action=maybe_recompile pc=0x000001c026a37bfc method=java.util.TreeMap.put(Ljava/lang/Object;Ljava/lang/Object;Z)Ljava/lang/Object; @ 27 c2
Event: 247.371 Thread 0x000001c037a593a0 DEOPT PACKING pc=0x000001c026a37bfc sp=0x0000008608ffec30
Event: 247.371 Thread 0x000001c037a593a0 DEOPT UNPACKING pc=0x000001c01ee65c23 sp=0x0000008608ffebf0 mode 2

Classes unloaded (0 events):
No events

Classes redefined (0 events):
No events

Internal exceptions (20 events):
Event: 13.421 Thread 0x000001c037a58ed0 Exception <a 'sun/nio/fs/WindowsException'{0x0000000086344838}> (0x0000000086344838) 
thrown [s\src\hotspot\share\prims\jni.cpp, line 516]
Event: 13.421 Thread 0x000001c037a58ed0 Exception <a 'sun/nio/fs/WindowsException'{0x00000000863451b0}> (0x00000000863451b0) 
thrown [s\src\hotspot\share\prims\jni.cpp, line 516]
Event: 13.421 Thread 0x000001c037a58ed0 Exception <a 'sun/nio/fs/WindowsException'{0x00000000863454e0}> (0x00000000863454e0) 
thrown [s\src\hotspot\share\prims\jni.cpp, line 516]
Event: 13.421 Thread 0x000001c037a58ed0 Exception <a 'sun/nio/fs/WindowsException'{0x0000000086345e78}> (0x0000000086345e78) 
thrown [s\src\hotspot\share\prims\jni.cpp, line 516]
Event: 13.421 Thread 0x000001c037a58ed0 Exception <a 'sun/nio/fs/WindowsException'{0x00000000863461d0}> (0x00000000863461d0) 
thrown [s\src\hotspot\share\prims\jni.cpp, line 516]
Event: 13.421 Thread 0x000001c037a58ed0 Exception <a 'sun/nio/fs/WindowsException'{0x0000000086346b78}> (0x0000000086346b78) 
thrown [s\src\hotspot\share\prims\jni.cpp, line 516]
Event: 13.421 Thread 0x000001c037a58ed0 Exception <a 'sun/nio/fs/WindowsException'{0x0000000086346ee8}> (0x0000000086346ee8) 
thrown [s\src\hotspot\share\prims\jni.cpp, line 516]
Event: 13.421 Thread 0x000001c037a58ed0 Exception <a 'sun/nio/fs/WindowsException'{0x0000000086347888}> (0x0000000086347888) 
thrown [s\src\hotspot\share\prims\jni.cpp, line 516]
Event: 13.421 Thread 0x000001c037a58ed0 Exception <a 'sun/nio/fs/WindowsException'{0x0000000086347be8}> (0x0000000086347be8) 
thrown [s\src\hotspot\share\prims\jni.cpp, line 516]
Event: 14.070 Thread 0x000001c01b74a000 Exception <a 'java/lang/NoSuchMethodError'{0x0000000083eb1b78}: 'int java.lang.invoke.DirectMethodHandle$Holder.invokeStaticInit(java.lang.Object, java.lang.Object, java.lang.Object, java.lang.Object)'> (0x0000000083eb1b78) 
thrown [s\src\hotspot\share\interpreter\linkResolver.cpp, line 759]
Event: 14.723 Thread 0x000001c01b74a000 Exception <a 'java/lang/IncompatibleClassChangeError'{0x0000000087f34d08}: Found class java.lang.Object, but interface was expected> (0x0000000087f34d08) 
thrown [s\src\hotspot\share\interpreter\linkResolver.cpp, line 826]
Event: 14.732 Thread 0x000001c01b74a000 Exception <a 'java/lang/NoSuchMethodError'{0x0000000087f925b8}: 'java.lang.Object java.lang.invoke.DirectMethodHandle$Holder.invokeSpecial(java.lang.Object, java.lang.Object, java.lang.Object, java.lang.Object, int, int)'> (0x0000000087f925b8) 
thrown [s\src\hotspot\share\interpreter\linkResolver.cpp, line 759]
Event: 14.745 Thread 0x000001c01b74a000 Exception <a 'java/lang/IncompatibleClassChangeError'{0x0000000087fda528}: Found class java.lang.Object, but interface was expected> (0x0000000087fda528) 
thrown [s\src\hotspot\share\interpreter\linkResolver.cpp, line 826]
Event: 14.877 Thread 0x000001c01b74a000 Implicit null exception at 0x000001c0269edec0 to 0x000001c0269ee0d8
Event: 14.946 Thread 0x000001c01b74a000 Exception <a 'java/lang/NoSuchMethodError'{0x00000000861eccf8}: 'java.lang.Object java.lang.invoke.DirectMethodHandle$Holder.invokeSpecial(java.lang.Object, java.lang.Object, int, java.lang.Object, int, java.lang.Object)'> (0x00000000861eccf8) 
thrown [s\src\hotspot\share\interpreter\linkResolver.cpp, line 759]
Event: 14.947 Thread 0x000001c01b74a000 Exception <a 'java/lang/NoSuchMethodError'{0x00000000861f4af8}: 'java.lang.Object java.lang.invoke.DirectMethodHandle$Holder.newInvokeSpecial(java.lang.Object, java.lang.Object, int, java.lang.Object, int)'> (0x00000000861f4af8) 
thrown [s\src\hotspot\share\interpreter\linkResolver.cpp, line 759]
Event: 14.947 Thread 0x000001c01b74a000 Exception <a 'java/lang/NoSuchMethodError'{0x00000000861f8bf8}: 'java.lang.Object java.lang.invoke.DirectMethodHandle$Holder.invokeSpecial(java.lang.Object, java.lang.Object, java.lang.Object, int, java.lang.Object, int)'> (0x00000000861f8bf8) 
thrown [s\src\hotspot\share\interpreter\linkResolver.cpp, line 759]
Event: 14.949 Thread 0x000001c01b74a000 Exception <a 'java/lang/NoSuchMethodError'{0x0000000084303370}: 'void java.lang.invoke.DirectMethodHandle$Holder.invokeVirtual(java.lang.Object, java.lang.Object)'> (0x0000000084303370) 
thrown [s\src\hotspot\share\interpreter\linkResolver.cpp, line 759]
Event: 17.209 Thread 0x000001c037a59d40 Exception <a 'java/lang/NoSuchMethodError'{0x0000000083fcb180}: 'java.lang.Object java.lang.invoke.DirectMethodHandle$Holder.invokeStatic(java.lang.Object, int, int)'> (0x0000000083fcb180) 
thrown [s\src\hotspot\share\interpreter\linkResolver.cpp, line 759]
Event: 18.284 Thread 0x000001c037a5a6e0 Implicit null exception at 0x000001c0269ed952 to 0x000001c0269edaa4

VM Operations (20 events):
Event: 211.042 Executing VM operation: Cleanup
Event: 211.042 Executing VM operation: Cleanup done
Event: 214.071 Executing VM operation: Cleanup
Event: 214.071 Executing VM operation: Cleanup done
Event: 217.101 Executing VM operation: Cleanup
Event: 217.101 Executing VM operation: Cleanup done
Event: 225.185 Executing VM operation: Cleanup
Event: 225.185 Executing VM operation: Cleanup done
Event: 226.187 Executing VM operation: Cleanup
Event: 226.187 Executing VM operation: Cleanup done
Event: 238.302 Executing VM operation: Cleanup
Event: 238.302 Executing VM operation: Cleanup done
Event: 247.385 Executing VM operation: Cleanup
Event: 247.385 Executing VM operation: Cleanup done
Event: 286.721 Executing VM operation: Cleanup
Event: 286.721 Executing VM operation: Cleanup done
Event: 290.773 Executing VM operation: Cleanup
Event: 290.773 Executing VM operation: Cleanup done
Event: 543.375 Executing VM operation: Cleanup
Event: 543.375 Executing VM operation: Cleanup done

Events (20 events):
Event: 18.046 loading class java/text/CharacterIterator done
Event: 18.046 loading class java/text/StringCharacterIterator
Event: 18.046 loading class java/text/StringCharacterIterator done
Event: 18.067 loading class java/util/regex/Pattern$LookBehindEndNode
Event: 18.067 loading class java/util/regex/Pattern$LookBehindEndNode done
Event: 18.067 loading class java/util/regex/Pattern$Behind
Event: 18.067 loading class java/util/regex/Pattern$Behind done
Event: 18.120 loading class java/util/concurrent/ConcurrentHashMap$KeySpliterator
Event: 18.120 loading class java/util/concurrent/ConcurrentHashMap$KeySpliterator done
Event: 18.190 loading class java/util/stream/ReduceOps$4
Event: 18.190 loading class java/util/stream/ReduceOps$4 done
Event: 18.190 loading class java/util/stream/ReduceOps$4ReducingSink
Event: 18.190 loading class java/util/stream/ReduceOps$4ReducingSink done
Event: 18.197 loading class jdk/internal/loader/BootLoader$PackageHelper
Event: 18.197 loading class jdk/internal/loader/BootLoader$PackageHelper done
Event: 18.222 loading class java/time/Instant$1
Event: 18.222 loading class java/time/Instant$1 done
Event: 18.253 loading class org/w3c/dom/Document
Event: 18.253 loading class org/w3c/dom/Document done
Event: 78.037 Thread 0x000001c03940bf40 Thread exited: 0x000001c03940bf40


Dynamic libraries:
0x00007ff7e9680000 - 0x00007ff7e968e000 	C:\Users\sfjbs\Downloads\node-20220822T134940Z-001\node\sts-4.15.3.RELEASE\plugins\org.eclipse.justj.openjdk.hotspot.jre.full.win32.x86_64_17.0.4.v20220805-1047\jre\bin\javaw.exe
0x00007ffe89ad0000 - 0x00007ffe89cc8000 	C:\Windows\SYSTEM32\ntdll.dll
0x00007ffe89250000 - 0x00007ffe8930d000 	C:\Windows\System32\KERNEL32.DLL
0x00007ffe87860000 - 0x00007ffe87b2e000 	C:\Windows\System32\KERNELBASE.dll
0x00007ffe87300000 - 0x00007ffe87400000 	C:\Windows\System32\ucrtbase.dll
0x00007ffe790b0000 - 0x00007ffe790c8000 	C:\Users\sfjbs\Downloads\node-20220822T134940Z-001\node\sts-4.15.3.RELEASE\plugins\org.eclipse.justj.openjdk.hotspot.jre.full.win32.x86_64_17.0.4.v20220805-1047\jre\bin\jli.dll
0x00007ffe897a0000 - 0x00007ffe89940000 	C:\Windows\System32\USER32.dll
0x00007ffe87640000 - 0x00007ffe87662000 	C:\Windows\System32\win32u.dll
0x00007ffe89420000 - 0x00007ffe8944a000 	C:\Windows\System32\GDI32.dll
0x00007ffe871f0000 - 0x00007ffe872fb000 	C:\Windows\System32\gdi32full.dll
0x00007ffe87570000 - 0x00007ffe8760d000 	C:\Windows\System32\msvcp_win.dll
0x00007ffe79080000 - 0x00007ffe79099000 	C:\Users\sfjbs\Downloads\node-20220822T134940Z-001\node\sts-4.15.3.RELEASE\plugins\org.eclipse.justj.openjdk.hotspot.jre.full.win32.x86_64_17.0.4.v20220805-1047\jre\bin\VCRUNTIME140.dll
0x00007ffe76da0000 - 0x00007ffe7703a000 	C:\Windows\WinSxS\amd64_microsoft.windows.common-controls_6595b64144ccf1df_6.0.19041.1110_none_60b5254171f9507e\COMCTL32.dll
0x00007ffe88d60000 - 0x00007ffe88dfe000 	C:\Windows\System32\msvcrt.dll
0x00007ffe88ca0000 - 0x00007ffe88cd0000 	C:\Windows\System32\IMM32.DLL
0x00007ffe79100000 - 0x00007ffe7910c000 	C:\Users\sfjbs\Downloads\node-20220822T134940Z-001\node\sts-4.15.3.RELEASE\plugins\org.eclipse.justj.openjdk.hotspot.jre.full.win32.x86_64_17.0.4.v20220805-1047\jre\bin\vcruntime140_1.dll
0x00007ffe54f40000 - 0x00007ffe54fd1000 	C:\Users\sfjbs\Downloads\node-20220822T134940Z-001\node\sts-4.15.3.RELEASE\plugins\org.eclipse.justj.openjdk.hotspot.jre.full.win32.x86_64_17.0.4.v20220805-1047\jre\bin\msvcp140.dll
0x00007ffe4aa20000 - 0x00007ffe4b666000 	C:\Users\sfjbs\Downloads\node-20220822T134940Z-001\node\sts-4.15.3.RELEASE\plugins\org.eclipse.justj.openjdk.hotspot.jre.full.win32.x86_64_17.0.4.v20220805-1047\jre\bin\server\jvm.dll
0x00007ffe88430000 - 0x00007ffe884de000 	C:\Windows\System32\ADVAPI32.dll
0x00007ffe89700000 - 0x00007ffe8979c000 	C:\Windows\System32\sechost.dll
0x00007ffe88300000 - 0x00007ffe88425000 	C:\Windows\System32\RPCRT4.dll
0x00007ffe88290000 - 0x00007ffe88298000 	C:\Windows\System32\PSAPI.DLL
0x00007ffe77210000 - 0x00007ffe77219000 	C:\Windows\SYSTEM32\WSOCK32.dll
0x00007ffe88c30000 - 0x00007ffe88c9b000 	C:\Windows\System32\WS2_32.dll
0x00007ffe771e0000 - 0x00007ffe77207000 	C:\Windows\SYSTEM32\WINMM.dll
0x00007ffe7e9a0000 - 0x00007ffe7e9aa000 	C:\Windows\SYSTEM32\VERSION.dll
0x00007ffe850d0000 - 0x00007ffe850e2000 	C:\Windows\SYSTEM32\kernel.appcore.dll
0x00007ffe767d0000 - 0x00007ffe767da000 	C:\Users\sfjbs\Downloads\node-20220822T134940Z-001\node\sts-4.15.3.RELEASE\plugins\org.eclipse.justj.openjdk.hotspot.jre.full.win32.x86_64_17.0.4.v20220805-1047\jre\bin\jimage.dll
0x00007ffe7fd10000 - 0x00007ffe7fef4000 	C:\Windows\SYSTEM32\DBGHELP.DLL
0x00007ffe7fce0000 - 0x00007ffe7fd0c000 	C:\Windows\SYSTEM32\dbgcore.DLL
0x00007ffe87670000 - 0x00007ffe876f2000 	C:\Windows\System32\bcryptPrimitives.dll
0x00007ffe6be40000 - 0x00007ffe6be65000 	C:\Users\sfjbs\Downloads\node-20220822T134940Z-001\node\sts-4.15.3.RELEASE\plugins\org.eclipse.justj.openjdk.hotspot.jre.full.win32.x86_64_17.0.4.v20220805-1047\jre\bin\java.dll
0x00007ffe74640000 - 0x00007ffe74658000 	C:\Users\sfjbs\Downloads\node-20220822T134940Z-001\node\sts-4.15.3.RELEASE\plugins\org.eclipse.justj.openjdk.hotspot.jre.full.win32.x86_64_17.0.4.v20220805-1047\jre\bin\zip.dll
0x00007ffe884e0000 - 0x00007ffe88c24000 	C:\Windows\System32\SHELL32.dll
0x00007ffe852d0000 - 0x00007ffe85a64000 	C:\Windows\SYSTEM32\windows.storage.dll
0x00007ffe88ee0000 - 0x00007ffe89234000 	C:\Windows\System32\combase.dll
0x00007ffe86aa0000 - 0x00007ffe86ad0000 	C:\Windows\SYSTEM32\Wldp.dll
0x00007ffe89310000 - 0x00007ffe893bd000 	C:\Windows\System32\SHCORE.dll
0x00007ffe88e00000 - 0x00007ffe88e55000 	C:\Windows\System32\shlwapi.dll
0x00007ffe87130000 - 0x00007ffe8714f000 	C:\Windows\SYSTEM32\profapi.dll
0x00007ffe745a0000 - 0x00007ffe745b9000 	C:\Users\sfjbs\Downloads\node-20220822T134940Z-001\node\sts-4.15.3.RELEASE\plugins\org.eclipse.justj.openjdk.hotspot.jre.full.win32.x86_64_17.0.4.v20220805-1047\jre\bin\net.dll
0x00007ffe7fa60000 - 0x00007ffe7fb6a000 	C:\Windows\SYSTEM32\WINHTTP.dll
0x00007ffe86880000 - 0x00007ffe868ea000 	C:\Windows\system32\mswsock.dll
0x00007ffe73a90000 - 0x00007ffe73aa5000 	C:\Users\sfjbs\Downloads\node-20220822T134940Z-001\node\sts-4.15.3.RELEASE\plugins\org.eclipse.justj.openjdk.hotspot.jre.full.win32.x86_64_17.0.4.v20220805-1047\jre\bin\nio.dll
0x00007ffe74db0000 - 0x00007ffe74dc0000 	C:\Users\sfjbs\Downloads\node-20220822T134940Z-001\node\sts-4.15.3.RELEASE\plugins\org.eclipse.justj.openjdk.hotspot.jre.full.win32.x86_64_17.0.4.v20220805-1047\jre\bin\verify.dll
0x00007ffe78e70000 - 0x00007ffe78e79000 	C:\Users\sfjbs\Downloads\node-20220822T134940Z-001\node\sts-4.15.3.RELEASE\plugins\org.eclipse.justj.openjdk.hotspot.jre.full.win32.x86_64_17.0.4.v20220805-1047\jre\bin\management.dll
0x00007ffe74530000 - 0x00007ffe7453b000 	C:\Users\sfjbs\Downloads\node-20220822T134940Z-001\node\sts-4.15.3.RELEASE\plugins\org.eclipse.justj.openjdk.hotspot.jre.full.win32.x86_64_17.0.4.v20220805-1047\jre\bin\management_ext.dll
0x00007ffe70e20000 - 0x00007ffe70e37000 	C:\Windows\system32\napinsp.dll
0x00007ffe70e00000 - 0x00007ffe70e1b000 	C:\Windows\system32\pnrpnsp.dll
0x00007ffe70de0000 - 0x00007ffe70df5000 	C:\Windows\system32\wshbth.dll
0x00007ffe804f0000 - 0x00007ffe8050d000 	C:\Windows\system32\NLAapi.dll
0x00007ffe86590000 - 0x00007ffe865cb000 	C:\Windows\SYSTEM32\IPHLPAPI.DLL
0x00007ffe865d0000 - 0x00007ffe8669a000 	C:\Windows\SYSTEM32\DNSAPI.dll
0x00007ffe87ce0000 - 0x00007ffe87ce8000 	C:\Windows\System32\NSI.dll
0x00007ffe70dc0000 - 0x00007ffe70dd2000 	C:\Windows\System32\winrnr.dll
0x00007ffe7d810000 - 0x00007ffe7d81a000 	C:\Windows\System32\rasadhlp.dll
0x00007ffe7df50000 - 0x00007ffe7dfd0000 	C:\Windows\System32\fwpuclnt.dll
0x00007ffe87610000 - 0x00007ffe87637000 	C:\Windows\System32\bcrypt.dll
0x00007ffe86ae0000 - 0x00007ffe86af8000 	C:\Windows\SYSTEM32\CRYPTSP.dll
0x00007ffe86220000 - 0x00007ffe86254000 	C:\Windows\system32\rsaenh.dll
0x00007ffe870b0000 - 0x00007ffe870de000 	C:\Windows\SYSTEM32\USERENV.dll
0x00007ffe86a10000 - 0x00007ffe86a1c000 	C:\Windows\SYSTEM32\CRYPTBASE.dll
0x00007ffe80480000 - 0x00007ffe80497000 	C:\Windows\SYSTEM32\dhcpcsvc6.DLL
0x00007ffe802c0000 - 0x00007ffe802dd000 	C:\Windows\SYSTEM32\dhcpcsvc.DLL
0x00007ffe744c0000 - 0x00007ffe744ce000 	C:\Users\sfjbs\Downloads\node-20220822T134940Z-001\node\sts-4.15.3.RELEASE\plugins\org.eclipse.justj.openjdk.hotspot.jre.full.win32.x86_64_17.0.4.v20220805-1047\jre\bin\sunmscapi.dll
0x00007ffe87700000 - 0x00007ffe87856000 	C:\Windows\System32\CRYPT32.dll
0x00007ffe86bf0000 - 0x00007ffe86c17000 	C:\Windows\SYSTEM32\ncrypt.dll
0x00007ffe86bb0000 - 0x00007ffe86beb000 	C:\Windows\SYSTEM32\NTASN1.dll
0x00007ffe79190000 - 0x00007ffe79197000 	C:\Windows\system32\wshunix.dll

dbghelp: loaded successfully - version: 4.0.5 - missing functions: none
symbol engine: initialized successfully - sym options: 0x614 - pdb path: .;C:\Users\sfjbs\Downloads\node-20220822T134940Z-001\node\sts-4.15.3.RELEASE\plugins\org.eclipse.justj.openjdk.hotspot.jre.full.win32.x86_64_17.0.4.v20220805-1047\jre\bin;C:\Windows\SYSTEM32;C:\Windows\WinSxS\amd64_microsoft.windows.common-controls_6595b64144ccf1df_6.0.19041.1110_none_60b5254171f9507e;C:\Users\sfjbs\Downloads\node-20220822T134940Z-001\node\sts-4.15.3.RELEASE\plugins\org.eclipse.justj.openjdk.hotspot.jre.full.win32.x86_64_17.0.4.v20220805-1047\jre\bin\server

VM Arguments:
jvm_args: -Dfile.encoding=UTF-8 -XX:+ShowCodeDetailsInExceptionMessages 
java_command: com.product.ProductsManagementSystemApplication
java_class_path (initial): C:\Users\sfjbs\Documents\Microservices\ProductsManagementSystem\target\classes;C:\Users\sfjbs\.m2\repository\org\springframework\boot\spring-boot-starter-data-jdbc\2.7.3\spring-boot-starter-data-jdbc-2.7.3.jar;C:\Users\sfjbs\.m2\repository\org\springframework\boot\spring-boot-starter-jdbc\2.7.3\spring-boot-starter-jdbc-2.7.3.jar;C:\Users\sfjbs\.m2\repository\com\zaxxer\HikariCP\4.0.3\HikariCP-4.0.3.jar;C:\Users\sfjbs\.m2\repository\org\springframework\spring-jdbc\5.3.22\spring-jdbc-5.3.22.jar;C:\Users\sfjbs\.m2\repository\org\springframework\data\spring-data-jdbc\2.4.2\spring-data-jdbc-2.4.2.jar;C:\Users\sfjbs\.m2\repository\org\springframework\data\spring-data-relational\2.4.2\spring-data-relational-2.4.2.jar;C:\Users\sfjbs\.m2\repository\org\springframework\data\spring-data-commons\2.7.2\spring-data-commons-2.7.2.jar;C:\Users\sfjbs\.m2\repository\org\springframework\spring-tx\5.3.22\spring-tx-5.3.22.jar;C:\Users\sfjbs\.m2\repository\org\springframework\spring-context\5.3.22\spring-context-5.3.22.jar;C:\Users\sfjbs\.m2\repository\org\springframework\spring-beans\5.3.22\spring-beans-5.3.22.jar;C:\Users\sfjbs\.m2\repository\org\slf4j\slf4j-api\1.7.36\slf4j-api-1.7.36.jar;C:\Users\sfjbs\.m2\repository\org\springframework\boot\spring-boot-starter-data-jpa\2.7.3\spring-boot-starter-data-jpa-2.7.3.jar;C:\Users\sfjbs\.m2\repository\org\springframework\boot\spring-boot-starter-aop\2.7.3\spring-boot-starter-aop-2.7.3.jar;C:\Users\sfjbs\.m2\repository\org\springframework\spring-aop\5.3.22\spring-aop-5.3.22.jar;C:\Users\sfjbs\.m2\repository\org\aspectj\aspectjweaver\1.9.7\aspectjweaver-1.9.7.jar;C:\Users\sfjbs\.m2\repository\jakarta\transaction\jakarta.transaction-api\1.3.3\jakarta.transaction-api-1.3.3.jar;C:\Users\sfjbs\.m2\repository\jakarta\persistence\jakarta.persistence-api\2.2.3\jakarta.persistence-api-2.2.3.jar;C:\Users\sfjbs\.m2\repository\org\hibernate\hibernate-core\5.6.10.Final\hibernate-core-5.6.10.Final.jar;C:\Users\sfjbs\.m2\reposit
Launcher Type: SUN_STANDARD

[Global flags]
     intx CICompilerCount                          = 2                                         {product} {ergonomic}
     uint ConcGCThreads                            = 1                                         {product} {ergonomic}
     uint G1ConcRefinementThreads                  = 2                                         {product} {ergonomic}
   size_t G1HeapRegionSize                         = 1048576                                   {product} {ergonomic}
    uintx GCDrainStackTargetSize                   = 64                                        {product} {ergonomic}
   size_t InitialHeapSize                          = 134217728                                 {product} {ergonomic}
   size_t MarkStackSize                            = 4194304                                   {product} {ergonomic}
   size_t MaxHeapSize                              = 2147483648                                {product} {ergonomic}
   size_t MaxNewSize                               = 1287651328                                {product} {ergonomic}
   size_t MinHeapDeltaBytes                        = 1048576                                   {product} {ergonomic}
   size_t MinHeapSize                              = 8388608                                   {product} {ergonomic}
    uintx NonNMethodCodeHeapSize                   = 5826188                                {pd product} {ergonomic}
    uintx NonProfiledCodeHeapSize                  = 122916026                              {pd product} {ergonomic}
    uintx ProfiledCodeHeapSize                     = 122916026                              {pd product} {ergonomic}
    uintx ReservedCodeCacheSize                    = 251658240                              {pd product} {ergonomic}
     bool SegmentedCodeCache                       = true                                      {product} {ergonomic}
     bool ShowCodeDetailsInExceptionMessages       = true                                   {manageable} {command line}
   size_t SoftMaxHeapSize                          = 2147483648                             {manageable} {ergonomic}
     bool UseCompressedClassPointers               = true                           {product lp64_product} {ergonomic}
     bool UseCompressedOops                        = true                           {product lp64_product} {ergonomic}
     bool UseG1GC                                  = true                                      {product} {ergonomic}
     bool UseLargePagesIndividualAllocation        = false                                  {pd product} {ergonomic}

Logging:
Log output configuration:
 #0: stdout all=warning uptime,level,tags
 #1: stderr all=off uptime,level,tags

Environment Variables:
PATH=C:/Users/sfjbs/Downloads/node-20220822T134940Z-001/node/sts-4.15.3.RELEASE//plugins/org.eclipse.justj.openjdk.hotspot.jre.full.win32.x86_64_17.0.4.v20220805-1047/jre/bin/server;C:/Users/sfjbs/Downloads/node-20220822T134940Z-001/node/sts-4.15.3.RELEASE//plugins/org.eclipse.justj.openjdk.hotspot.jre.full.win32.x86_64_17.0.4.v20220805-1047/jre/bin;C:\Python310\Scripts\;C:\Python310\;C:\Program Files\Common Files\Oracle\Java\javapath;C:\Windows\system32;C:\Windows;C:\Windows\System32\Wbem;C:\Windows\System32\WindowsPowerShell\v1.0\;C:\Windows\System32\OpenSSH\;C:\Program Files\nodejs\;C:\Program Files\Docker\Docker\resources\bin;C:\ProgramData\DockerDesktop\version-bin;C:\ProgramData\chocolatey\bin;C:\Program Files (x86)\Git\cmd;C:\Users\sfjbs\AppData\Local\Microsoft\WindowsApps;C:\Users\sfjbs\AppData\Roaming\npm;C:\Users\sfjbs\AppData\Local\Programs\Microsoft VS Code\bin;C:\Users\sfjbs\Downloads\node-20220822T134940Z-001\node\sts-4.15.3.RELEASE;
USERNAME=sfjbs
OS=Windows_NT
PROCESSOR_IDENTIFIER=Intel64 Family 6 Model 85 Stepping 7, GenuineIntel
TMP=C:\Users\sfjbs\AppData\Local\Temp
TEMP=C:\Users\sfjbs\AppData\Local\Temp



---------------  S Y S T E M  ---------------

OS:
 Windows 10 , 64 bit Build 19041 (10.0.19041.1889)
OS uptime: 19 days 11:29 hours
Hyper-V role detected

CPU: total 2 (initial active 2) (1 cores per cpu, 2 threads per core) family 6 model 85 stepping 7 microcode 0xffffffff, cx8, cmov, fxsr, ht, mmx, 3dnowpref, sse, sse2, sse3, ssse3, sse4.1, sse4.2, popcnt, lzcnt, tsc, avx, avx2, aes, erms, clmul, bmi1, bmi2, rtm, adx, avx512f, avx512dq, avx512cd, avx512bw, avx512vl, fma, vzeroupper, clflush, clflushopt, hv

Memory: 4k page, system-wide physical 8190M (985M free)
TotalPageFile size 10238M (AvailPageFile size 4M)
current process WorkingSet (physical memory assigned to process): 222M, peak: 247M
current process commit charge ("private bytes"): 241M, peak: 267M

vm_info: OpenJDK 64-Bit Server VM (17.0.4+8) for windows-amd64 JRE (17.0.4+8), built on Jul 19 2022 16:05:16 by "temurin" with MS VC++ 16.7 (VS2019)

END.
