#
# There is insufficient memory for the Java Runtime Environment to continue.
# Native memory allocation (mmap) failed to map 28311552 bytes for G1 virtual space
# Possible reasons:
#   The system is out of physical RAM or swap space
#   The process is running with CompressedOops enabled, and the Java Heap may be blocking the growth of the native heap
# Possible solutions:
#   Reduce memory load on the system
#   Increase physical memory or swap space
#   Check if swap backing store is full
#   Decrease Java heap size (-Xmx/-Xms)
#   Decrease number of Java threads
#   Decrease Java thread stack sizes (-Xss)
#   Set larger code cache with -XX:ReservedCodeCacheSize=
#   JVM is running with Unscaled Compressed Oops mode in which the Java heap is
#     placed in the first 4GB address space. The Java Heap base address is the
#     maximum limit for the native heap growth. Please use -XX:HeapBaseMinAddress
#     to set the Java Heap base and to place the Java Heap above 4GB virtual address.
# This output file may be truncated or incomplete.
#
#  Out of Memory Error (os_windows.cpp:3541), pid=13340, tid=12352
#
# JRE version: OpenJDK Runtime Environment Temurin-17.0.4+8 (17.0.4+8) (build 17.0.4+8)
# Java VM: OpenJDK 64-Bit Server VM Temurin-17.0.4+8 (17.0.4+8, mixed mode, tiered, compressed oops, compressed class ptrs, g1 gc, windows-amd64)
# No core dump will be written. Minidumps are not enabled by default on client versions of Windows
#

---------------  S U M M A R Y ------------

Command Line: -Dfile.encoding=UTF-8 -XX:+ShowCodeDetailsInExceptionMessages com.school.app.SchoolServiceApplication

Host: Intel(R) Xeon(R) Platinum 8272CL CPU @ 2.60GHz, 2 cores, 7G,  Windows 10 , 64 bit Build 19041 (10.0.19041.1889)
Time: Tue Sep 20 06:20:26 2022 Coordinated Universal Time elapsed time: 9.487617 seconds (0d 0h 0m 9s)

---------------  T H R E A D  ---------------

Current thread (0x000001ffd74a99a0):  VMThread "VM Thread" [stack: 0x0000001c12d00000,0x0000001c12e00000] [id=12352]

Stack: [0x0000001c12d00000,0x0000001c12e00000]
Native frames: (J=compiled Java code, j=interpreted, Vv=VM code, C=native code)
V  [jvm.dll+0x67733a]
V  [jvm.dll+0x8323c4]
V  [jvm.dll+0x833b6e]
V  [jvm.dll+0x8341d3]
V  [jvm.dll+0x2455e5]
V  [jvm.dll+0x674229]
V  [jvm.dll+0x668ab2]
V  [jvm.dll+0x30458b]
V  [jvm.dll+0x30bad6]
V  [jvm.dll+0x35ba7e]
V  [jvm.dll+0x35bcaf]
V  [jvm.dll+0x2db428]
V  [jvm.dll+0x2d96dc]
V  [jvm.dll+0x2d8cac]
V  [jvm.dll+0x31cc0b]
V  [jvm.dll+0x83867b]
V  [jvm.dll+0x8393b4]
V  [jvm.dll+0x8398cc]
V  [jvm.dll+0x839ca4]
V  [jvm.dll+0x839d70]
V  [jvm.dll+0x7e245a]
V  [jvm.dll+0x6761c5]
C  [ucrtbase.dll+0x21bb2]
C  [KERNEL32.DLL+0x17034]
C  [ntdll.dll+0x526a1]

VM_Operation (0x0000001c127fcf90): G1CollectForAllocation, mode: safepoint, requested by thread 0x000001ffbe20c8a0


---------------  P R O C E S S  ---------------

Threads class SMR info:
_java_thread_list=0x000001ffdb4c50c0, length=16, elements={
0x000001ffbe20c8a0, 0x000001ffd7491970, 0x000001ffd74931c0, 0x000001ffd74e95f0,
0x000001ffd74d3010, 0x000001ffd8008a60, 0x000001ffd800b0e0, 0x000001ffd74d6f80,
0x000001ffd8017f40, 0x000001ffd80210c0, 0x000001ffd800b5b0, 0x000001ffd8008f30,
0x000001ffd800a740, 0x000001ffd800a270, 0x000001ffd80098d0, 0x000001ffdb4fac50
}
_to_delete_list=0x000001ffdb4c4580, length=19, elements={
0x000001ffbe20c8a0, 0x000001ffd7491970, 0x000001ffd74931c0, 0x000001ffd74e95f0,
0x000001ffd74d3010, 0x000001ffd8008a60, 0x000001ffd800b0e0, 0x000001ffd74d6f80,
0x000001ffd8017f40, 0x000001ffd80210c0, 0x000001ffd800b5b0, 0x000001ffd8008f30,
0x000001ffd800a740, 0x000001ffd800a270, 0x000001ffd80098d0, 0x000001ffdb4fe610,
0x000001ffdb4f9910, 0x000001ffdb4feae0, 0x000001ffdb4fac50
}

Java Threads: ( => current thread )
  0x000001ffbe20c8a0 JavaThread "main" [_thread_blocked, id=12440, stack(0x0000001c12700000,0x0000001c12800000)]
  0x000001ffd7491970 JavaThread "Reference Handler" daemon [_thread_blocked, id=1164, stack(0x0000001c12e00000,0x0000001c12f00000)]
  0x000001ffd74931c0 JavaThread "Finalizer" daemon [_thread_blocked, id=6620, stack(0x0000001c12f00000,0x0000001c13000000)]
  0x000001ffd74e95f0 JavaThread "Signal Dispatcher" daemon [_thread_blocked, id=4428, stack(0x0000001c13000000,0x0000001c13100000)]
  0x000001ffd74d3010 JavaThread "Attach Listener" daemon [_thread_blocked, id=13236, stack(0x0000001c13100000,0x0000001c13200000)]
  0x000001ffd8008a60 JavaThread "Service Thread" daemon [_thread_blocked, id=13020, stack(0x0000001c13200000,0x0000001c13300000)]
  0x000001ffd800b0e0 JavaThread "Monitor Deflation Thread" daemon [_thread_blocked, id=11412, stack(0x0000001c13300000,0x0000001c13400000)]
  0x000001ffd74d6f80 JavaThread "C2 CompilerThread0" daemon [_thread_blocked, id=2452, stack(0x0000001c13400000,0x0000001c13500000)]
  0x000001ffd8017f40 JavaThread "C1 CompilerThread0" daemon [_thread_blocked, id=11696, stack(0x0000001c13500000,0x0000001c13600000)]
  0x000001ffd80210c0 JavaThread "Sweeper thread" daemon [_thread_blocked, id=9896, stack(0x0000001c13600000,0x0000001c13700000)]
  0x000001ffd800b5b0 JavaThread "Notification Thread" daemon [_thread_blocked, id=3084, stack(0x0000001c13700000,0x0000001c13800000)]
  0x000001ffd8008f30 JavaThread "Common-Cleaner" daemon [_thread_blocked, id=14088, stack(0x0000001c13900000,0x0000001c13a00000)]
  0x000001ffd800a740 JavaThread "Catalina-utility-1" [_thread_blocked, id=6964, stack(0x0000001c13b00000,0x0000001c13c00000)]
  0x000001ffd800a270 JavaThread "Catalina-utility-2" [_thread_blocked, id=12504, stack(0x0000001c13c00000,0x0000001c13d00000)]
  0x000001ffd80098d0 JavaThread "container-0" [_thread_blocked, id=8804, stack(0x0000001c13d00000,0x0000001c13e00000)]
  0x000001ffdb4fac50 JavaThread "ClassGraph-worker-23" daemon [_thread_blocked, id=10796, stack(0x0000001c14100000,0x0000001c14200000)]

Other Threads:
=>0x000001ffd74a99a0 VMThread "VM Thread" [stack: 0x0000001c12d00000,0x0000001c12e00000] [id=12352]
  0x000001ffd8181e10 WatcherThread [stack: 0x0000001c13800000,0x0000001c13900000] [id=3112]
  0x000001ffbe266f70 GCTaskThread "GC Thread#0" [stack: 0x0000001c12800000,0x0000001c12900000] [id=12756]
  0x000001ffd83ae450 GCTaskThread "GC Thread#1" [stack: 0x0000001c13a00000,0x0000001c13b00000] [id=12660]
  0x000001ffbe277eb0 ConcurrentGCThread "G1 Main Marker" [stack: 0x0000001c12900000,0x0000001c12a00000] [id=9496]
  0x000001ffbe27a5b0 ConcurrentGCThread "G1 Conc#0" [stack: 0x0000001c12a00000,0x0000001c12b00000] [id=12624]
  0x000001ffd7300090 ConcurrentGCThread "G1 Refine#0" [stack: 0x0000001c12b00000,0x0000001c12c00000] [id=10328]
  0x000001ffd7301390 ConcurrentGCThread "G1 Service" [stack: 0x0000001c12c00000,0x0000001c12d00000] [id=7284]

Threads with active compile tasks:
C2 CompilerThread0     9505 4131       4       io.github.classgraph.ClasspathElementZip::scanPaths (879 bytes)

VM state: at safepoint (normal execution)

VM Mutex/Monitor currently owned by a thread:  ([mutex/lock_event])
[0x000001ffbe2081a0] Threads_lock - owner thread: 0x000001ffd74a99a0
[0x000001ffbe207db0] Heap_lock - owner thread: 0x000001ffbe20c8a0

Heap address: 0x0000000080000000, size: 2048 MB, Compressed Oops mode: 32-bit

CDS archive(s) not mapped
Compressed class space mapped at: 0x0000000100000000-0x0000000140000000, reserved size: 1073741824
Narrow klass base: 0x0000000000000000, Narrow klass shift: 3, Narrow klass range: 0x140000000

GC Precious Log:
 CPUs: 2 total, 2 available
 Memory: 8190M
 Large Page Support: Disabled
 NUMA Support: Disabled
 Compressed Oops: Enabled (32-bit)
 Heap Region Size: 1M
 Heap Min Capacity: 8M
 Heap Initial Capacity: 128M
 Heap Max Capacity: 2G
 Pre-touch: Disabled
 Parallel Workers: 2
 Concurrent Workers: 1
 Concurrent Refinement Workers: 2
 Periodic GC: Disabled

Heap:
 garbage-first heap   total 73728K, used 32896K [0x0000000080000000, 0x0000000100000000)
  region size 1024K, 1 young (1024K), 1 survivors (1024K)
 Metaspace       used 41924K, committed 42240K, reserved 1089536K
  class space    used 4911K, committed 5056K, reserved 1048576K

Heap Regions: E=young(eden), S=young(survivor), O=old, HS=humongous(starts), HC=humongous(continues), CS=collection set, F=free, OA=open archive, CA=closed archive, TAMS=top-at-mark-start (previous, next)
|   0|0x0000000080000000, 0x0000000080100000, 0x0000000080100000|100%| O|  |TAMS 0x0000000080100000, 0x0000000080000000| Untracked 
|   1|0x0000000080100000, 0x0000000080200000, 0x0000000080200000|100%| O|  |TAMS 0x0000000080200000, 0x0000000080100000| Untracked 
|   2|0x0000000080200000, 0x0000000080300000, 0x0000000080300000|100%| O|  |TAMS 0x0000000080300000, 0x0000000080200000| Untracked 
|   3|0x0000000080300000, 0x0000000080400000, 0x0000000080400000|100%| O|  |TAMS 0x0000000080400000, 0x0000000080300000| Untracked 
|   4|0x0000000080400000, 0x0000000080500000, 0x0000000080500000|100%| O|  |TAMS 0x0000000080500000, 0x0000000080400000| Untracked 
|   5|0x0000000080500000, 0x00000000805cbc00, 0x0000000080600000| 79%| O|  |TAMS 0x00000000805cbc00, 0x0000000080500000| Untracked 
|   6|0x0000000080600000, 0x0000000080700000, 0x0000000080700000|100%| O|  |TAMS 0x0000000080700000, 0x0000000080600000| Untracked 
|   7|0x0000000080700000, 0x0000000080800000, 0x0000000080800000|100%| O|  |TAMS 0x0000000080800000, 0x0000000080700000| Untracked 
|   8|0x0000000080800000, 0x0000000080900000, 0x0000000080900000|100%| O|  |TAMS 0x0000000080900000, 0x0000000080800000| Untracked 
|   9|0x0000000080900000, 0x0000000080a00000, 0x0000000080a00000|100%| O|  |TAMS 0x0000000080a00000, 0x0000000080900000| Untracked 
|  10|0x0000000080a00000, 0x0000000080b00000, 0x0000000080b00000|100%| O|  |TAMS 0x0000000080b00000, 0x0000000080a00000| Untracked 
|  11|0x0000000080b00000, 0x0000000080c00000, 0x0000000080c00000|100%| O|  |TAMS 0x0000000080c00000, 0x0000000080b00000| Untracked 
|  12|0x0000000080c00000, 0x0000000080d00000, 0x0000000080d00000|100%| O|  |TAMS 0x0000000080d00000, 0x0000000080c00000| Untracked 
|  13|0x0000000080d00000, 0x0000000080e00000, 0x0000000080e00000|100%| O|  |TAMS 0x0000000080e00000, 0x0000000080d00000| Untracked 
|  14|0x0000000080e00000, 0x0000000080f00000, 0x0000000080f00000|100%| O|  |TAMS 0x0000000080f00000, 0x0000000080e00000| Untracked 
|  15|0x0000000080f00000, 0x0000000081000000, 0x0000000081000000|100%| O|  |TAMS 0x0000000081000000, 0x0000000080f00000| Untracked 
|  16|0x0000000081000000, 0x0000000081100000, 0x0000000081100000|100%| O|  |TAMS 0x0000000081100000, 0x0000000081000000| Untracked 
|  17|0x0000000081100000, 0x0000000081100000, 0x0000000081200000|  0%| F|  |TAMS 0x0000000081100000, 0x0000000081100000| Untracked 
|  18|0x0000000081200000, 0x0000000081300000, 0x0000000081300000|100%| O|  |TAMS 0x0000000081300000, 0x0000000081200000| Untracked 
|  19|0x0000000081300000, 0x0000000081354400, 0x0000000081400000| 32%| O|  |TAMS 0x0000000081300000, 0x0000000081300000| Untracked 
|  20|0x0000000081400000, 0x0000000081400000, 0x0000000081500000|  0%| F|  |TAMS 0x0000000081400000, 0x0000000081400000| Untracked 
|  21|0x0000000081500000, 0x0000000081600000, 0x0000000081600000|100%| O|  |TAMS 0x0000000081500000, 0x0000000081500000| Untracked 
|  22|0x0000000081600000, 0x0000000081700000, 0x0000000081700000|100%| O|  |TAMS 0x0000000081600000, 0x0000000081600000| Untracked 
|  23|0x0000000081700000, 0x0000000081700000, 0x0000000081800000|  0%| F|  |TAMS 0x0000000081700000, 0x0000000081700000| Untracked 
|  24|0x0000000081800000, 0x0000000081900000, 0x0000000081900000|100%| O|  |TAMS 0x000000008183b800, 0x0000000081800000| Untracked 
|  25|0x0000000081900000, 0x0000000081900000, 0x0000000081a00000|  0%| F|  |TAMS 0x0000000081900000, 0x0000000081900000| Untracked 
|  26|0x0000000081a00000, 0x0000000081a00000, 0x0000000081b00000|  0%| F|  |TAMS 0x0000000081a00000, 0x0000000081a00000| Untracked 
|  27|0x0000000081b00000, 0x0000000081b00000, 0x0000000081c00000|  0%| F|  |TAMS 0x0000000081b00000, 0x0000000081b00000| Untracked 
|  28|0x0000000081c00000, 0x0000000081c00000, 0x0000000081d00000|  0%| F|  |TAMS 0x0000000081c00000, 0x0000000081c00000| Untracked 
|  29|0x0000000081d00000, 0x0000000081d00000, 0x0000000081e00000|  0%| F|  |TAMS 0x0000000081d00000, 0x0000000081d00000| Untracked 
|  30|0x0000000081e00000, 0x0000000081e00000, 0x0000000081f00000|  0%| F|  |TAMS 0x0000000081e00000, 0x0000000081e00000| Untracked 
|  31|0x0000000081f00000, 0x0000000082000000, 0x0000000082000000|100%| O|  |TAMS 0x0000000082000000, 0x0000000081f00000| Untracked 
|  32|0x0000000082000000, 0x0000000082100000, 0x0000000082100000|100%| O|  |TAMS 0x0000000082100000, 0x0000000082000000| Untracked 
|  33|0x0000000082100000, 0x0000000082200000, 0x0000000082200000|100%| O|  |TAMS 0x0000000082100000, 0x0000000082100000| Untracked 
|  34|0x0000000082200000, 0x0000000082300000, 0x0000000082300000|100%| O|  |TAMS 0x0000000082200000, 0x0000000082200000| Untracked 
|  35|0x0000000082300000, 0x0000000082400000, 0x0000000082400000|100%| O|  |TAMS 0x0000000082300000, 0x0000000082300000| Untracked 
|  36|0x0000000082400000, 0x0000000082500000, 0x0000000082500000|100%| O|  |TAMS 0x0000000082400000, 0x0000000082400000| Untracked 
|  37|0x0000000082500000, 0x0000000082600000, 0x0000000082600000|100%| O|  |TAMS 0x0000000082500000, 0x0000000082500000| Untracked 
|  38|0x0000000082600000, 0x0000000082700000, 0x0000000082700000|100%| O|  |TAMS 0x0000000082600000, 0x0000000082600000| Untracked 
|  39|0x0000000082700000, 0x0000000082800000, 0x0000000082800000|100%| O|  |TAMS 0x0000000082700000, 0x0000000082700000| Untracked 
|  40|0x0000000082800000, 0x0000000082900000, 0x0000000082900000|100%| O|  |TAMS 0x0000000082800000, 0x0000000082800000| Untracked 
|  41|0x0000000082900000, 0x0000000082900000, 0x0000000082a00000|  0%| F|  |TAMS 0x0000000082900000, 0x0000000082900000| Untracked 
|  42|0x0000000082a00000, 0x0000000082a00000, 0x0000000082b00000|  0%| F|  |TAMS 0x0000000082a00000, 0x0000000082a00000| Untracked 
|  43|0x0000000082b00000, 0x0000000082b00000, 0x0000000082c00000|  0%| F|  |TAMS 0x0000000082b00000, 0x0000000082b00000| Untracked 
|  44|0x0000000082c00000, 0x0000000082c00000, 0x0000000082d00000|  0%| F|  |TAMS 0x0000000082c00000, 0x0000000082c00000| Untracked 
|  45|0x0000000082d00000, 0x0000000082d00000, 0x0000000082e00000|  0%| F|  |TAMS 0x0000000082d00000, 0x0000000082d00000| Untracked 
|  46|0x0000000082e00000, 0x0000000082e00000, 0x0000000082f00000|  0%| F|  |TAMS 0x0000000082e00000, 0x0000000082e00000| Untracked 
|  47|0x0000000082f00000, 0x0000000082f00000, 0x0000000083000000|  0%| F|  |TAMS 0x0000000082f00000, 0x0000000082f00000| Untracked 
|  48|0x0000000083000000, 0x0000000083000000, 0x0000000083100000|  0%| F|  |TAMS 0x0000000083000000, 0x0000000083000000| Untracked 
|  49|0x0000000083100000, 0x0000000083100000, 0x0000000083200000|  0%| F|  |TAMS 0x0000000083100000, 0x0000000083100000| Untracked 
|  50|0x0000000083200000, 0x0000000083200000, 0x0000000083300000|  0%| F|  |TAMS 0x0000000083200000, 0x0000000083200000| Untracked 
|  51|0x0000000083300000, 0x0000000083300000, 0x0000000083400000|  0%| F|  |TAMS 0x0000000083300000, 0x0000000083300000| Untracked 
|  52|0x0000000083400000, 0x0000000083400000, 0x0000000083500000|  0%| F|  |TAMS 0x0000000083400000, 0x0000000083400000| Untracked 
|  53|0x0000000083500000, 0x0000000083500000, 0x0000000083600000|  0%| F|  |TAMS 0x0000000083500000, 0x0000000083500000| Untracked 
|  54|0x0000000083600000, 0x0000000083600000, 0x0000000083700000|  0%| F|  |TAMS 0x0000000083600000, 0x0000000083600000| Untracked 
|  55|0x0000000083700000, 0x0000000083700000, 0x0000000083800000|  0%| F|  |TAMS 0x0000000083700000, 0x0000000083700000| Untracked 
|  56|0x0000000083800000, 0x0000000083800000, 0x0000000083900000|  0%| F|  |TAMS 0x0000000083800000, 0x0000000083800000| Untracked 
|  57|0x0000000083900000, 0x0000000083900000, 0x0000000083a00000|  0%| F|  |TAMS 0x0000000083900000, 0x0000000083900000| Untracked 
|  58|0x0000000083a00000, 0x0000000083a00000, 0x0000000083b00000|  0%| F|  |TAMS 0x0000000083a00000, 0x0000000083a00000| Untracked 
|  59|0x0000000083b00000, 0x0000000083b00000, 0x0000000083c00000|  0%| F|  |TAMS 0x0000000083b00000, 0x0000000083b00000| Untracked 
|  60|0x0000000083c00000, 0x0000000083c00000, 0x0000000083d00000|  0%| F|  |TAMS 0x0000000083c00000, 0x0000000083c00000| Untracked 
|  61|0x0000000083d00000, 0x0000000083d00000, 0x0000000083e00000|  0%| F|  |TAMS 0x0000000083d00000, 0x0000000083d00000| Untracked 
|  62|0x0000000083e00000, 0x0000000083e00000, 0x0000000083f00000|  0%| F|  |TAMS 0x0000000083e00000, 0x0000000083e00000| Untracked 
|  63|0x0000000083f00000, 0x0000000083f00000, 0x0000000084000000|  0%| F|  |TAMS 0x0000000083f00000, 0x0000000083f00000| Untracked 
|  64|0x0000000084000000, 0x0000000084000000, 0x0000000084100000|  0%| F|  |TAMS 0x0000000084000000, 0x0000000084000000| Untracked 
|  65|0x0000000084100000, 0x0000000084100000, 0x0000000084200000|  0%| F|  |TAMS 0x0000000084100000, 0x0000000084100000| Untracked 
|  66|0x0000000084200000, 0x0000000084200000, 0x0000000084300000|  0%| F|  |TAMS 0x0000000084200000, 0x0000000084200000| Untracked 
|  67|0x0000000084300000, 0x0000000084300000, 0x0000000084400000|  0%| F|  |TAMS 0x0000000084300000, 0x0000000084300000| Untracked 
|  95|0x0000000085f00000, 0x0000000086000000, 0x0000000086000000|100%| S|CS|TAMS 0x0000000085f00000, 0x0000000085f00000| Complete 
|  96|0x0000000086000000, 0x0000000086000000, 0x0000000086100000|  0%| F|  |TAMS 0x0000000086000000, 0x0000000086000000| Untracked 
|  97|0x0000000086100000, 0x0000000086100000, 0x0000000086200000|  0%| F|  |TAMS 0x0000000086100000, 0x0000000086100000| Untracked 
| 127|0x0000000087f00000, 0x0000000087f00000, 0x0000000088000000|  0%| F|  |TAMS 0x0000000087f00000, 0x0000000087f00000| Untracked 

Card table byte_map: [0x000001ffd08d0000,0x000001ffd0cd0000] _byte_map_base: 0x000001ffd04d0000

Marking Bits (Prev, Next): (CMBitMap*) 0x000001ffbe267580, (CMBitMap*) 0x000001ffbe2675c0
 Prev Bits: [0x000001ffd10d0000, 0x000001ffd30d0000)
 Next Bits: [0x000001ffd30d0000, 0x000001ffd50d0000)

Polling page: 0x000001ffbbfd0000

Metaspace:

Usage:
  Non-class:     36.15 MB used.
      Class:      4.80 MB used.
       Both:     40.94 MB used.

Virtual space:
  Non-class space:       40.00 MB reserved,      36.31 MB ( 91%) committed,  5 nodes.
      Class space:        1.00 GB reserved,       4.94 MB ( <1%) committed,  1 nodes.
             Both:        1.04 GB reserved,      41.25 MB (  4%) committed. 

Chunk freelists:
   Non-Class:  2.78 MB
       Class:  2.89 MB
        Both:  5.67 MB

MaxMetaspaceSize: unlimited
CompressedClassSpaceSize: 1.00 GB
Initial GC threshold: 21.00 MB
Current GC threshold: 68.56 MB
CDS: off
MetaspaceReclaimPolicy: balanced
 - commit_granule_bytes: 65536.
 - commit_granule_words: 8192.
 - virtual_space_node_default_size: 1048576.
 - enlarge_chunks_in_place: 1.
 - new_chunks_are_fully_committed: 0.
 - uncommit_free_chunks: 1.
 - use_allocation_guard: 0.
 - handle_deallocations: 1.


Internal statistics:

num_allocs_failed_limit: 6.
num_arena_births: 378.
num_arena_deaths: 0.
num_vsnodes_births: 6.
num_vsnodes_deaths: 0.
num_space_committed: 660.
num_space_uncommitted: 0.
num_chunks_returned_to_freelist: 6.
num_chunks_taken_from_freelist: 1592.
num_chunk_merges: 6.
num_chunk_splits: 1056.
num_chunks_enlarged: 772.
num_purges: 0.
num_inconsistent_stats: 0.

CodeHeap 'non-profiled nmethods': size=120064Kb used=2052Kb max_used=2052Kb free=118011Kb
 bounds [0x000001ffc9390000, 0x000001ffc9600000, 0x000001ffd08d0000]
CodeHeap 'profiled nmethods': size=120000Kb used=10059Kb max_used=10059Kb free=109940Kb
 bounds [0x000001ffc1e60000, 0x000001ffc2840000, 0x000001ffc9390000]
CodeHeap 'non-nmethods': size=5696Kb used=1210Kb max_used=1276Kb free=4485Kb
 bounds [0x000001ffc18d0000, 0x000001ffc1b40000, 0x000001ffc1e60000]
 total_blobs=4743 nmethods=4243 adapters=411
 compilation: enabled
              stopped_count=0, restarted_count=0
 full_count=0

Compilation events (20 events):
Event: 9.454 Thread 0x000001ffd8017f40 4251   !   3       nonapi.io.github.classgraph.fileslice.FileSlice::close (69 bytes)
Event: 9.455 Thread 0x000001ffd8017f40 nmethod 4251 0x000001ffc282ca90 code [0x000001ffc282cd20, 0x000001ffc282d958]
Event: 9.458 Thread 0x000001ffd8017f40 4252       3       java.io.RandomAccessFile$1::close (11 bytes)
Event: 9.458 Thread 0x000001ffd8017f40 nmethod 4252 0x000001ffc282dd90 code [0x000001ffc282df60, 0x000001ffc282e458]
Event: 9.463 Thread 0x000001ffd8017f40 4254       2       java.lang.reflect.Method::acquireMethodAccessor (44 bytes)
Event: 9.463 Thread 0x000001ffd8017f40 nmethod 4254 0x000001ffc282e690 code [0x000001ffc282e860, 0x000001ffc282eb78]
Event: 9.463 Thread 0x000001ffd8017f40 4255       1       org.springframework.beans.PropertyEditorRegistrySupport::setConversionService (6 bytes)
Event: 9.464 Thread 0x000001ffd8017f40 nmethod 4255 0x000001ffc9590d90 code [0x000001ffc9590f20, 0x000001ffc9591038]
Event: 9.465 Thread 0x000001ffd8017f40 4256       2       java.lang.ThreadLocal$ThreadLocalMap::cleanSomeSlots (61 bytes)
Event: 9.466 Thread 0x000001ffd8017f40 nmethod 4256 0x000001ffc282ed10 code [0x000001ffc282eec0, 0x000001ffc282f138]
Event: 9.466 Thread 0x000001ffd8017f40 4257   !   2       jdk.proxy2.$Proxy64::annotationType (29 bytes)
Event: 9.467 Thread 0x000001ffd8017f40 nmethod 4257 0x000001ffc282f310 code [0x000001ffc282f4c0, 0x000001ffc282f738]
Event: 9.469 Thread 0x000001ffd8017f40 4258       2       java.lang.Exception::<init> (6 bytes)
Event: 9.469 Thread 0x000001ffd8017f40 nmethod 4258 0x000001ffc282f890 code [0x000001ffc282fa40, 0x000001ffc282fd08]
Event: 9.470 Thread 0x000001ffd8017f40 4259   !   2       org.springframework.beans.factory.support.AbstractBeanFactory::doResolveBeanClass (284 bytes)
Event: 9.472 Thread 0x000001ffd8017f40 nmethod 4259 0x000001ffc282fe10 code [0x000001ffc2830180, 0x000001ffc2830f68]
Event: 9.474 Thread 0x000001ffd8017f40 4260       2       java.util.Arrays$ArrayList::toArray (15 bytes)
Event: 9.474 Thread 0x000001ffd8017f40 nmethod 4260 0x000001ffc2831810 code [0x000001ffc28319a0, 0x000001ffc2831ae8]
Event: 9.474 Thread 0x000001ffd8017f40 4261   !   2       jdk.xml.internal.XMLSecurityManager::getSystemProperty (113 bytes)
Event: 9.475 Thread 0x000001ffd8017f40 nmethod 4261 0x000001ffc2831b90 code [0x000001ffc2831e00, 0x000001ffc2832598]

GC Heap History (20 events):
Event: 7.503 GC heap after
{Heap after GC invocations=14 (full 0):
 garbage-first heap   total 51200K, used 18822K [0x0000000080000000, 0x0000000100000000)
  region size 1024K, 2 young (2048K), 2 survivors (2048K)
 Metaspace       used 41218K, committed 41536K, reserved 1089536K
  class space    used 4875K, committed 5056K, reserved 1048576K
}
Event: 7.904 GC heap before
{Heap before GC invocations=14 (full 0):
 garbage-first heap   total 51200K, used 38278K [0x0000000080000000, 0x0000000100000000)
  region size 1024K, 22 young (22528K), 2 survivors (2048K)
 Metaspace       used 41550K, committed 41920K, reserved 1089536K
  class space    used 4895K, committed 5056K, reserved 1048576K
}
Event: 7.916 GC heap after
{Heap after GC invocations=15 (full 0):
 garbage-first heap   total 51200K, used 23242K [0x0000000080000000, 0x0000000100000000)
  region size 1024K, 3 young (3072K), 3 survivors (3072K)
 Metaspace       used 41550K, committed 41920K, reserved 1089536K
  class space    used 4895K, committed 5056K, reserved 1048576K
}
Event: 8.276 GC heap before
{Heap before GC invocations=15 (full 0):
 garbage-first heap   total 51200K, used 39626K [0x0000000080000000, 0x0000000100000000)
  region size 1024K, 18 young (18432K), 3 survivors (3072K)
 Metaspace       used 41702K, committed 42048K, reserved 1089536K
  class space    used 4909K, committed 5056K, reserved 1048576K
}
Event: 8.294 GC heap after
{Heap after GC invocations=16 (full 0):
 garbage-first heap   total 51200K, used 27910K [0x0000000080000000, 0x0000000100000000)
  region size 1024K, 3 young (3072K), 3 survivors (3072K)
 Metaspace       used 41702K, committed 42048K, reserved 1089536K
  class space    used 4909K, committed 5056K, reserved 1048576K
}
Event: 8.451 GC heap before
{Heap before GC invocations=16 (full 0):
 garbage-first heap   total 51200K, used 38150K [0x0000000080000000, 0x0000000100000000)
  region size 1024K, 13 young (13312K), 3 survivors (3072K)
 Metaspace       used 41737K, committed 42112K, reserved 1089536K
  class space    used 4909K, committed 5056K, reserved 1048576K
}
Event: 8.462 GC heap after
{Heap after GC invocations=17 (full 0):
 garbage-first heap   total 51200K, used 30511K [0x0000000080000000, 0x0000000100000000)
  region size 1024K, 2 young (2048K), 2 survivors (2048K)
 Metaspace       used 41737K, committed 42112K, reserved 1089536K
  class space    used 4909K, committed 5056K, reserved 1048576K
}
Event: 8.647 GC heap before
{Heap before GC invocations=18 (full 0):
 garbage-first heap   total 53248K, used 38703K [0x0000000080000000, 0x0000000100000000)
  region size 1024K, 10 young (10240K), 2 survivors (2048K)
 Metaspace       used 41747K, committed 42112K, reserved 1089536K
  class space    used 4909K, committed 5056K, reserved 1048576K
}
Event: 8.652 GC heap after
{Heap after GC invocations=19 (full 0):
 garbage-first heap   total 53248K, used 32753K [0x0000000080000000, 0x0000000100000000)
  region size 1024K, 2 young (2048K), 2 survivors (2048K)
 Metaspace       used 41747K, committed 42112K, reserved 1089536K
  class space    used 4909K, committed 5056K, reserved 1048576K
}
Event: 8.661 GC heap before
{Heap before GC invocations=19 (full 0):
 garbage-first heap   total 53248K, used 33777K [0x0000000080000000, 0x0000000100000000)
  region size 1024K, 3 young (3072K), 2 survivors (2048K)
 Metaspace       used 41747K, committed 42112K, reserved 1089536K
  class space    used 4909K, committed 5056K, reserved 1048576K
}
Event: 8.667 GC heap after
{Heap after GC invocations=20 (full 0):
 garbage-first heap   total 73728K, used 30062K [0x0000000080000000, 0x0000000100000000)
  region size 1024K, 1 young (1024K), 1 survivors (1024K)
 Metaspace       used 41747K, committed 42112K, reserved 1089536K
  class space    used 4909K, committed 5056K, reserved 1048576K
}
Event: 9.005 GC heap before
{Heap before GC invocations=20 (full 0):
 garbage-first heap   total 73728K, used 51566K [0x0000000080000000, 0x0000000100000000)
  region size 1024K, 23 young (23552K), 1 survivors (1024K)
 Metaspace       used 41803K, committed 42112K, reserved 1089536K
  class space    used 4909K, committed 5056K, reserved 1048576K
}
Event: 9.019 GC heap after
{Heap after GC invocations=21 (full 0):
 garbage-first heap   total 73728K, used 35869K [0x0000000080000000, 0x0000000100000000)
  region size 1024K, 3 young (3072K), 3 survivors (3072K)
 Metaspace       used 41803K, committed 42112K, reserved 1089536K
  class space    used 4909K, committed 5056K, reserved 1048576K
}
Event: 9.081 GC heap before
{Heap before GC invocations=21 (full 0):
 garbage-first heap   total 73728K, used 44061K [0x0000000080000000, 0x0000000100000000)
  region size 1024K, 12 young (12288K), 3 survivors (3072K)
 Metaspace       used 41817K, committed 42176K, reserved 1089536K
  class space    used 4909K, committed 5056K, reserved 1048576K
}
Event: 9.089 GC heap after
{Heap after GC invocations=22 (full 0):
 garbage-first heap   total 73728K, used 38254K [0x0000000080000000, 0x0000000100000000)
  region size 1024K, 2 young (2048K), 2 survivors (2048K)
 Metaspace       used 41817K, committed 42176K, reserved 1089536K
  class space    used 4909K, committed 5056K, reserved 1048576K
}
Event: 9.386 GC heap before
{Heap before GC invocations=23 (full 0):
 garbage-first heap   total 73728K, used 51566K [0x0000000080000000, 0x0000000100000000)
  region size 1024K, 17 young (17408K), 2 survivors (2048K)
 Metaspace       used 41870K, committed 42176K, reserved 1089536K
  class space    used 4909K, committed 5056K, reserved 1048576K
}
Event: 9.398 GC heap after
{Heap after GC invocations=24 (full 0):
 garbage-first heap   total 73728K, used 40330K [0x0000000080000000, 0x0000000100000000)
  region size 1024K, 3 young (3072K), 3 survivors (3072K)
 Metaspace       used 41870K, committed 42176K, reserved 1089536K
  class space    used 4909K, committed 5056K, reserved 1048576K
}
Event: 9.406 GC heap before
{Heap before GC invocations=24 (full 0):
 garbage-first heap   total 73728K, used 41354K [0x0000000080000000, 0x0000000100000000)
  region size 1024K, 4 young (4096K), 3 survivors (3072K)
 Metaspace       used 41870K, committed 42176K, reserved 1089536K
  class space    used 4909K, committed 5056K, reserved 1048576K
}
Event: 9.414 GC heap after
{Heap after GC invocations=25 (full 0):
 garbage-first heap   total 73728K, used 33706K [0x0000000080000000, 0x0000000100000000)
  region size 1024K, 1 young (1024K), 1 survivors (1024K)
 Metaspace       used 41870K, committed 42176K, reserved 1089536K
  class space    used 4909K, committed 5056K, reserved 1048576K
}
Event: 9.480 GC heap before
{Heap before GC invocations=25 (full 0):
 garbage-first heap   total 73728K, used 35754K [0x0000000080000000, 0x0000000100000000)
  region size 1024K, 3 young (3072K), 1 survivors (1024K)
 Metaspace       used 41924K, committed 42240K, reserved 1089536K
  class space    used 4911K, committed 5056K, reserved 1048576K
}

Deoptimization events (20 events):
Event: 9.404 Thread 0x000001ffdb4fce00 DEOPT PACKING pc=0x000001ffc27508c6 sp=0x0000001c141fee30
Event: 9.404 Thread 0x000001ffdb4fce00 DEOPT UNPACKING pc=0x000001ffc1926763 sp=0x0000001c141fe420 mode 0
Event: 9.415 Thread 0x000001ffdb4fe610 DEOPT PACKING pc=0x000001ffc27508c6 sp=0x0000001c13efecb0
Event: 9.415 Thread 0x000001ffdb4fe610 DEOPT UNPACKING pc=0x000001ffc1926763 sp=0x0000001c13efe2a0 mode 0
Event: 9.417 Thread 0x000001ffdb4fe610 DEOPT PACKING pc=0x000001ffc27508c6 sp=0x0000001c13efed30
Event: 9.417 Thread 0x000001ffdb4fe610 DEOPT UNPACKING pc=0x000001ffc1926763 sp=0x0000001c13efe310 mode 0
Event: 9.420 Thread 0x000001ffdb4fe610 DEOPT PACKING pc=0x000001ffc27508c6 sp=0x0000001c13efed30
Event: 9.420 Thread 0x000001ffdb4fe610 DEOPT UNPACKING pc=0x000001ffc1926763 sp=0x0000001c13efe310 mode 0
Event: 9.450 Thread 0x000001ffbe20c8a0 Uncommon trap: trap_request=0xffffffde fr.pc=0x000001ffc9501660 relative=0x00000000000011c0
Event: 9.450 Thread 0x000001ffbe20c8a0 Uncommon trap: reason=class_check action=maybe_recompile pc=0x000001ffc9501660 method=java.util.Properties$LineReader.readLine()I @ 479 c2
Event: 9.450 Thread 0x000001ffbe20c8a0 DEOPT PACKING pc=0x000001ffc9501660 sp=0x0000001c127fd750
Event: 9.450 Thread 0x000001ffbe20c8a0 DEOPT UNPACKING pc=0x000001ffc1925c23 sp=0x0000001c127fd6d8 mode 2
Event: 9.462 Thread 0x000001ffbe20c8a0 Uncommon trap: trap_request=0xffffffde fr.pc=0x000001ffc95870f0 relative=0x0000000000000ab0
Event: 9.462 Thread 0x000001ffbe20c8a0 Uncommon trap: reason=class_check action=maybe_recompile pc=0x000001ffc95870f0 method=java.util.regex.Matcher.search(I)Z @ 121 c2
Event: 9.462 Thread 0x000001ffbe20c8a0 DEOPT PACKING pc=0x000001ffc95870f0 sp=0x0000001c127fe260
Event: 9.462 Thread 0x000001ffbe20c8a0 DEOPT UNPACKING pc=0x000001ffc1925c23 sp=0x0000001c127fe230 mode 2
Event: 9.462 Thread 0x000001ffbe20c8a0 Uncommon trap: trap_request=0xffffff45 fr.pc=0x000001ffc95871e8 relative=0x0000000000000ba8
Event: 9.462 Thread 0x000001ffbe20c8a0 Uncommon trap: reason=unstable_if action=reinterpret pc=0x000001ffc95871e8 method=java.util.regex.Matcher.search(I)Z @ 30 c2
Event: 9.462 Thread 0x000001ffbe20c8a0 DEOPT PACKING pc=0x000001ffc95871e8 sp=0x0000001c127fe260
Event: 9.462 Thread 0x000001ffbe20c8a0 DEOPT UNPACKING pc=0x000001ffc1925c23 sp=0x0000001c127fe240 mode 2

Classes unloaded (0 events):
No events

Classes redefined (0 events):
No events

Internal exceptions (20 events):
Event: 8.896 Thread 0x000001ffdb4fe610 Exception <a 'sun/nio/fs/WindowsException'{0x00000000837b0788}> (0x00000000837b0788) 
thrown [s\src\hotspot\share\prims\jni.cpp, line 516]
Event: 8.896 Thread 0x000001ffdb4fe610 Exception <a 'sun/nio/fs/WindowsException'{0x00000000837b0b48}> (0x00000000837b0b48) 
thrown [s\src\hotspot\share\prims\jni.cpp, line 516]
Event: 8.896 Thread 0x000001ffdb4fe610 Exception <a 'sun/nio/fs/WindowsException'{0x00000000837b1580}> (0x00000000837b1580) 
thrown [s\src\hotspot\share\prims\jni.cpp, line 516]
Event: 8.896 Thread 0x000001ffdb4fe610 Exception <a 'sun/nio/fs/WindowsException'{0x00000000837b1980}> (0x00000000837b1980) 
thrown [s\src\hotspot\share\prims\jni.cpp, line 516]
Event: 8.896 Thread 0x000001ffdb4fe610 Exception <a 'sun/nio/fs/WindowsException'{0x00000000837b2390}> (0x00000000837b2390) 
thrown [s\src\hotspot\share\prims\jni.cpp, line 516]
Event: 8.896 Thread 0x000001ffdb4fe610 Exception <a 'sun/nio/fs/WindowsException'{0x00000000837b2760}> (0x00000000837b2760) 
thrown [s\src\hotspot\share\prims\jni.cpp, line 516]
Event: 8.896 Thread 0x000001ffdb4fe610 Exception <a 'sun/nio/fs/WindowsException'{0x00000000837b3148}> (0x00000000837b3148) 
thrown [s\src\hotspot\share\prims\jni.cpp, line 516]
Event: 8.896 Thread 0x000001ffdb4fe610 Exception <a 'sun/nio/fs/WindowsException'{0x00000000837b34d8}> (0x00000000837b34d8) 
thrown [s\src\hotspot\share\prims\jni.cpp, line 516]
Event: 8.896 Thread 0x000001ffdb4fe610 Exception <a 'sun/nio/fs/WindowsException'{0x00000000837b3ed0}> (0x00000000837b3ed0) 
thrown [s\src\hotspot\share\prims\jni.cpp, line 516]
Event: 8.896 Thread 0x000001ffdb4fe610 Exception <a 'sun/nio/fs/WindowsException'{0x00000000837b4280}> (0x00000000837b4280) 
thrown [s\src\hotspot\share\prims\jni.cpp, line 516]
Event: 8.897 Thread 0x000001ffdb4fe610 Exception <a 'sun/nio/fs/WindowsException'{0x00000000837b4c68}> (0x00000000837b4c68) 
thrown [s\src\hotspot\share\prims\jni.cpp, line 516]
Event: 8.897 Thread 0x000001ffdb4fe610 Exception <a 'sun/nio/fs/WindowsException'{0x00000000837b5008}> (0x00000000837b5008) 
thrown [s\src\hotspot\share\prims\jni.cpp, line 516]
Event: 8.897 Thread 0x000001ffdb4fe610 Exception <a 'sun/nio/fs/WindowsException'{0x00000000837b5a00}> (0x00000000837b5a00) 
thrown [s\src\hotspot\share\prims\jni.cpp, line 516]
Event: 8.897 Thread 0x000001ffdb4fe610 Exception <a 'sun/nio/fs/WindowsException'{0x00000000837b5db0}> (0x00000000837b5db0) 
thrown [s\src\hotspot\share\prims\jni.cpp, line 516]
Event: 8.897 Thread 0x000001ffdb4fe610 Exception <a 'sun/nio/fs/WindowsException'{0x00000000837b67c0}> (0x00000000837b67c0) 
thrown [s\src\hotspot\share\prims\jni.cpp, line 516]
Event: 8.897 Thread 0x000001ffdb4fe610 Exception <a 'sun/nio/fs/WindowsException'{0x00000000837b6b90}> (0x00000000837b6b90) 
thrown [s\src\hotspot\share\prims\jni.cpp, line 516]
Event: 8.897 Thread 0x000001ffdb4fe610 Exception <a 'sun/nio/fs/WindowsException'{0x00000000837b75b8}> (0x00000000837b75b8) 
thrown [s\src\hotspot\share\prims\jni.cpp, line 516]
Event: 8.897 Thread 0x000001ffdb4fe610 Exception <a 'sun/nio/fs/WindowsException'{0x00000000837b79a0}> (0x00000000837b79a0) 
thrown [s\src\hotspot\share\prims\jni.cpp, line 516]
Event: 8.897 Thread 0x000001ffdb4fe610 Exception <a 'sun/nio/fs/WindowsException'{0x00000000837b83c0}> (0x00000000837b83c0) 
thrown [s\src\hotspot\share\prims\jni.cpp, line 516]
Event: 8.897 Thread 0x000001ffdb4fe610 Exception <a 'sun/nio/fs/WindowsException'{0x00000000837b87a0}> (0x00000000837b87a0) 
thrown [s\src\hotspot\share\prims\jni.cpp, line 516]

VM Operations (20 events):
Event: 8.539 Executing VM operation: G1Concurrent done
Event: 8.569 Executing VM operation: G1Concurrent
Event: 8.570 Executing VM operation: G1Concurrent done
Event: 8.647 Executing VM operation: G1CollectForAllocation
Event: 8.652 Executing VM operation: G1CollectForAllocation done
Event: 8.661 Executing VM operation: G1CollectForAllocation
Event: 8.667 Executing VM operation: G1CollectForAllocation done
Event: 8.998 Executing VM operation: G1CollectForAllocation
Event: 9.029 Executing VM operation: G1CollectForAllocation done
Event: 9.081 Executing VM operation: G1TryInitiateConcMark
Event: 9.089 Executing VM operation: G1TryInitiateConcMark done
Event: 9.205 Executing VM operation: G1Concurrent
Event: 9.214 Executing VM operation: G1Concurrent done
Event: 9.240 Executing VM operation: G1Concurrent
Event: 9.241 Executing VM operation: G1Concurrent done
Event: 9.376 Executing VM operation: G1CollectForAllocation
Event: 9.406 Executing VM operation: G1CollectForAllocation done
Event: 9.406 Executing VM operation: G1CollectForAllocation
Event: 9.414 Executing VM operation: G1CollectForAllocation done
Event: 9.479 Executing VM operation: G1CollectForAllocation

Events (20 events):
Event: 8.834 Thread 0x000001ffdb4fb120 Thread added: 0x000001ffdb4fb120
Event: 8.838 Thread 0x000001ffdb4fc460 Thread exited: 0x000001ffdb4fc460
Event: 8.838 Thread 0x000001ffdb4fce00 Thread exited: 0x000001ffdb4fce00
Event: 8.838 Thread 0x000001ffdb4fc930 Thread exited: 0x000001ffdb4fc930
Event: 8.887 Thread 0x000001ffdb4fe610 Thread added: 0x000001ffdb4fe610
Event: 8.889 Thread 0x000001ffdb4fb120 Thread exited: 0x000001ffdb4fb120
Event: 8.891 Thread 0x000001ffdb4fc930 Thread added: 0x000001ffdb4fc930
Event: 8.892 Thread 0x000001ffdb4fb5f0 Thread added: 0x000001ffdb4fb5f0
Event: 8.894 Thread 0x000001ffdb4fce00 Thread added: 0x000001ffdb4fce00
Event: 9.437 Thread 0x000001ffdb4fce00 Thread exited: 0x000001ffdb4fce00
Event: 9.437 Thread 0x000001ffdb4fe610 Thread exited: 0x000001ffdb4fe610
Event: 9.438 Thread 0x000001ffdb4fc930 Thread exited: 0x000001ffdb4fc930
Event: 9.438 Thread 0x000001ffdb4fb5f0 Thread exited: 0x000001ffdb4fb5f0
Event: 9.443 Thread 0x000001ffdb4fe610 Thread added: 0x000001ffdb4fe610
Event: 9.445 Thread 0x000001ffdb4f9910 Thread added: 0x000001ffdb4f9910
Event: 9.445 Thread 0x000001ffdb4feae0 Thread added: 0x000001ffdb4feae0
Event: 9.445 Thread 0x000001ffdb4fac50 Thread added: 0x000001ffdb4fac50
Event: 9.449 Thread 0x000001ffdb4fe610 Thread exited: 0x000001ffdb4fe610
Event: 9.449 Thread 0x000001ffdb4f9910 Thread exited: 0x000001ffdb4f9910
Event: 9.449 Thread 0x000001ffdb4feae0 Thread exited: 0x000001ffdb4feae0


Dynamic libraries:
0x00007ff6ebcc0000 - 0x00007ff6ebcce000 	C:\Users\sfjbs\Downloads\node-20220822T134940Z-001\node\sts-4.15.3.RELEASE\plugins\org.eclipse.justj.openjdk.hotspot.jre.full.win32.x86_64_17.0.4.v20220805-1047\jre\bin\javaw.exe
0x00007ffda34d0000 - 0x00007ffda36c8000 	C:\Windows\SYSTEM32\ntdll.dll
0x00007ffda19e0000 - 0x00007ffda1a9d000 	C:\Windows\System32\KERNEL32.DLL
0x00007ffda0e50000 - 0x00007ffda111e000 	C:\Windows\System32\KERNELBASE.dll
0x00007ffda1120000 - 0x00007ffda1220000 	C:\Windows\System32\ucrtbase.dll
0x00007ffd71090000 - 0x00007ffd710a8000 	C:\Users\sfjbs\Downloads\node-20220822T134940Z-001\node\sts-4.15.3.RELEASE\plugins\org.eclipse.justj.openjdk.hotspot.jre.full.win32.x86_64_17.0.4.v20220805-1047\jre\bin\jli.dll
0x00007ffda23c0000 - 0x00007ffda2560000 	C:\Windows\System32\USER32.dll
0x00007ffda0c90000 - 0x00007ffda0cb2000 	C:\Windows\System32\win32u.dll
0x00007ffda2670000 - 0x00007ffda269a000 	C:\Windows\System32\GDI32.dll
0x00007ffda1220000 - 0x00007ffda132b000 	C:\Windows\System32\gdi32full.dll
0x00007ffda0bf0000 - 0x00007ffda0c8d000 	C:\Windows\System32\msvcp_win.dll
0x00007ffd895e0000 - 0x00007ffd895f9000 	C:\Users\sfjbs\Downloads\node-20220822T134940Z-001\node\sts-4.15.3.RELEASE\plugins\org.eclipse.justj.openjdk.hotspot.jre.full.win32.x86_64_17.0.4.v20220805-1047\jre\bin\VCRUNTIME140.dll
0x00007ffd90ce0000 - 0x00007ffd90f7a000 	C:\Windows\WinSxS\amd64_microsoft.windows.common-controls_6595b64144ccf1df_6.0.19041.1110_none_60b5254171f9507e\COMCTL32.dll
0x00007ffda33f0000 - 0x00007ffda348e000 	C:\Windows\System32\msvcrt.dll
0x00007ffda2640000 - 0x00007ffda2670000 	C:\Windows\System32\IMM32.DLL
0x00007ffd895d0000 - 0x00007ffd895dc000 	C:\Users\sfjbs\Downloads\node-20220822T134940Z-001\node\sts-4.15.3.RELEASE\plugins\org.eclipse.justj.openjdk.hotspot.jre.full.win32.x86_64_17.0.4.v20220805-1047\jre\bin\vcruntime140_1.dll
0x00007ffd81880000 - 0x00007ffd81911000 	C:\Users\sfjbs\Downloads\node-20220822T134940Z-001\node\sts-4.15.3.RELEASE\plugins\org.eclipse.justj.openjdk.hotspot.jre.full.win32.x86_64_17.0.4.v20220805-1047\jre\bin\msvcp140.dll
0x00007ffd71670000 - 0x00007ffd722b6000 	C:\Users\sfjbs\Downloads\node-20220822T134940Z-001\node\sts-4.15.3.RELEASE\plugins\org.eclipse.justj.openjdk.hotspot.jre.full.win32.x86_64_17.0.4.v20220805-1047\jre\bin\server\jvm.dll
0x00007ffda22b0000 - 0x00007ffda235e000 	C:\Windows\System32\ADVAPI32.dll
0x00007ffda1940000 - 0x00007ffda19dc000 	C:\Windows\System32\sechost.dll
0x00007ffda26a0000 - 0x00007ffda27c5000 	C:\Windows\System32\RPCRT4.dll
0x00007ffda31a0000 - 0x00007ffda31a8000 	C:\Windows\System32\PSAPI.DLL
0x00007ffd8e390000 - 0x00007ffd8e399000 	C:\Windows\SYSTEM32\WSOCK32.dll
0x00007ffda2070000 - 0x00007ffda20db000 	C:\Windows\System32\WS2_32.dll
0x00007ffd94920000 - 0x00007ffd94947000 	C:\Windows\SYSTEM32\WINMM.dll
0x00007ffd9a240000 - 0x00007ffd9a24a000 	C:\Windows\SYSTEM32\VERSION.dll
0x00007ffd9eac0000 - 0x00007ffd9ead2000 	C:\Windows\SYSTEM32\kernel.appcore.dll
0x00007ffd71660000 - 0x00007ffd7166a000 	C:\Users\sfjbs\Downloads\node-20220822T134940Z-001\node\sts-4.15.3.RELEASE\plugins\org.eclipse.justj.openjdk.hotspot.jre.full.win32.x86_64_17.0.4.v20220805-1047\jre\bin\jimage.dll
0x00007ffd95150000 - 0x00007ffd95334000 	C:\Windows\SYSTEM32\DBGHELP.DLL
0x00007ffd95f10000 - 0x00007ffd95f3c000 	C:\Windows\SYSTEM32\dbgcore.DLL
0x00007ffda0d10000 - 0x00007ffda0d92000 	C:\Windows\System32\bcryptPrimitives.dll
0x00007ffd710b0000 - 0x00007ffd710d5000 	C:\Users\sfjbs\Downloads\node-20220822T134940Z-001\node\sts-4.15.3.RELEASE\plugins\org.eclipse.justj.openjdk.hotspot.jre.full.win32.x86_64_17.0.4.v20220805-1047\jre\bin\java.dll
0x00007ffd70640000 - 0x00007ffd70658000 	C:\Users\sfjbs\Downloads\node-20220822T134940Z-001\node\sts-4.15.3.RELEASE\plugins\org.eclipse.justj.openjdk.hotspot.jre.full.win32.x86_64_17.0.4.v20220805-1047\jre\bin\zip.dll
0x00007ffda2a50000 - 0x00007ffda3193000 	C:\Windows\System32\SHELL32.dll
0x00007ffd9ecc0000 - 0x00007ffd9f455000 	C:\Windows\SYSTEM32\windows.storage.dll
0x00007ffda15e0000 - 0x00007ffda1934000 	C:\Windows\System32\combase.dll
0x00007ffda04a0000 - 0x00007ffda04d0000 	C:\Windows\SYSTEM32\Wldp.dll
0x00007ffda1530000 - 0x00007ffda15dd000 	C:\Windows\System32\SHCORE.dll
0x00007ffda27e0000 - 0x00007ffda2835000 	C:\Windows\System32\shlwapi.dll
0x00007ffda0b30000 - 0x00007ffda0b4f000 	C:\Windows\SYSTEM32\profapi.dll
0x00007ffd704b0000 - 0x00007ffd704c9000 	C:\Users\sfjbs\Downloads\node-20220822T134940Z-001\node\sts-4.15.3.RELEASE\plugins\org.eclipse.justj.openjdk.hotspot.jre.full.win32.x86_64_17.0.4.v20220805-1047\jre\bin\net.dll
0x00007ffd9b180000 - 0x00007ffd9b28a000 	C:\Windows\SYSTEM32\WINHTTP.dll
0x00007ffda0280000 - 0x00007ffda02ea000 	C:\Windows\system32\mswsock.dll
0x00007ffd70490000 - 0x00007ffd704a5000 	C:\Users\sfjbs\Downloads\node-20220822T134940Z-001\node\sts-4.15.3.RELEASE\plugins\org.eclipse.justj.openjdk.hotspot.jre.full.win32.x86_64_17.0.4.v20220805-1047\jre\bin\nio.dll
0x00007ffd70470000 - 0x00007ffd70480000 	C:\Users\sfjbs\Downloads\node-20220822T134940Z-001\node\sts-4.15.3.RELEASE\plugins\org.eclipse.justj.openjdk.hotspot.jre.full.win32.x86_64_17.0.4.v20220805-1047\jre\bin\verify.dll
0x00007ffd9ff90000 - 0x00007ffd9ffcb000 	C:\Windows\SYSTEM32\IPHLPAPI.DLL
0x00007ffda3380000 - 0x00007ffda3388000 	C:\Windows\System32\NSI.dll
0x00007ffd9b060000 - 0x00007ffd9b077000 	C:\Windows\SYSTEM32\dhcpcsvc6.DLL
0x00007ffd9afe0000 - 0x00007ffd9affd000 	C:\Windows\SYSTEM32\dhcpcsvc.DLL
0x00007ffd9ffd0000 - 0x00007ffda009a000 	C:\Windows\SYSTEM32\DNSAPI.dll
0x00007ffd9adc0000 - 0x00007ffd9adca000 	C:\Windows\System32\rasadhlp.dll
0x00007ffd9b090000 - 0x00007ffd9b110000 	C:\Windows\System32\fwpuclnt.dll
0x00007ffda1330000 - 0x00007ffda1357000 	C:\Windows\System32\bcrypt.dll
0x00007ffd89590000 - 0x00007ffd89599000 	C:\Users\sfjbs\Downloads\node-20220822T134940Z-001\node\sts-4.15.3.RELEASE\plugins\org.eclipse.justj.openjdk.hotspot.jre.full.win32.x86_64_17.0.4.v20220805-1047\jre\bin\management.dll
0x00007ffd88f70000 - 0x00007ffd88f7b000 	C:\Users\sfjbs\Downloads\node-20220822T134940Z-001\node\sts-4.15.3.RELEASE\plugins\org.eclipse.justj.openjdk.hotspot.jre.full.win32.x86_64_17.0.4.v20220805-1047\jre\bin\management_ext.dll
0x00007ffd8e050000 - 0x00007ffd8e067000 	C:\Windows\system32\napinsp.dll
0x00007ffd8e030000 - 0x00007ffd8e04b000 	C:\Windows\system32\pnrpnsp.dll
0x00007ffd8cee0000 - 0x00007ffd8cef5000 	C:\Windows\system32\wshbth.dll
0x00007ffd9bc60000 - 0x00007ffd9bc7d000 	C:\Windows\system32\NLAapi.dll
0x00007ffd8cd50000 - 0x00007ffd8cd62000 	C:\Windows\System32\winrnr.dll
0x00007ffda04e0000 - 0x00007ffda04f8000 	C:\Windows\SYSTEM32\CRYPTSP.dll
0x00007ffd9fc20000 - 0x00007ffd9fc54000 	C:\Windows\system32\rsaenh.dll
0x00007ffda0af0000 - 0x00007ffda0b1e000 	C:\Windows\SYSTEM32\USERENV.dll
0x00007ffda0410000 - 0x00007ffda041c000 	C:\Windows\SYSTEM32\CRYPTBASE.dll
0x00007ffd8c2b0000 - 0x00007ffd8c2be000 	C:\Users\sfjbs\Downloads\node-20220822T134940Z-001\node\sts-4.15.3.RELEASE\plugins\org.eclipse.justj.openjdk.hotspot.jre.full.win32.x86_64_17.0.4.v20220805-1047\jre\bin\sunmscapi.dll
0x00007ffda1360000 - 0x00007ffda14b6000 	C:\Windows\System32\CRYPT32.dll
0x00007ffda0560000 - 0x00007ffda0587000 	C:\Windows\SYSTEM32\ncrypt.dll
0x00007ffda0500000 - 0x00007ffda053b000 	C:\Windows\SYSTEM32\NTASN1.dll

dbghelp: loaded successfully - version: 4.0.5 - missing functions: none
symbol engine: initialized successfully - sym options: 0x614 - pdb path: .;C:\Users\sfjbs\Downloads\node-20220822T134940Z-001\node\sts-4.15.3.RELEASE\plugins\org.eclipse.justj.openjdk.hotspot.jre.full.win32.x86_64_17.0.4.v20220805-1047\jre\bin;C:\Windows\SYSTEM32;C:\Windows\WinSxS\amd64_microsoft.windows.common-controls_6595b64144ccf1df_6.0.19041.1110_none_60b5254171f9507e;C:\Users\sfjbs\Downloads\node-20220822T134940Z-001\node\sts-4.15.3.RELEASE\plugins\org.eclipse.justj.openjdk.hotspot.jre.full.win32.x86_64_17.0.4.v20220805-1047\jre\bin\server

VM Arguments:
jvm_args: -Dfile.encoding=UTF-8 -XX:+ShowCodeDetailsInExceptionMessages 
java_command: com.school.app.SchoolServiceApplication
java_class_path (initial): C:\Users\sfjbs\Documents\Microservices\school-management-microservice\schoolservice\target\classes;C:\Users\sfjbs\.m2\repository\org\springframework\boot\spring-boot-starter-web\2.7.3\spring-boot-starter-web-2.7.3.jar;C:\Users\sfjbs\.m2\repository\org\springframework\boot\spring-boot-starter\2.7.3\spring-boot-starter-2.7.3.jar;C:\Users\sfjbs\.m2\repository\org\springframework\boot\spring-boot\2.7.3\spring-boot-2.7.3.jar;C:\Users\sfjbs\.m2\repository\org\springframework\boot\spring-boot-autoconfigure\2.7.3\spring-boot-autoconfigure-2.7.3.jar;C:\Users\sfjbs\.m2\repository\org\springframework\boot\spring-boot-starter-logging\2.7.3\spring-boot-starter-logging-2.7.3.jar;C:\Users\sfjbs\.m2\repository\ch\qos\logback\logback-classic\1.2.11\logback-classic-1.2.11.jar;C:\Users\sfjbs\.m2\repository\ch\qos\logback\logback-core\1.2.11\logback-core-1.2.11.jar;C:\Users\sfjbs\.m2\repository\org\apache\logging\log4j\log4j-to-slf4j\2.17.2\log4j-to-slf4j-2.17.2.jar;C:\Users\sfjbs\.m2\repository\org\apache\logging\log4j\log4j-api\2.17.2\log4j-api-2.17.2.jar;C:\Users\sfjbs\.m2\repository\org\slf4j\jul-to-slf4j\1.7.36\jul-to-slf4j-1.7.36.jar;C:\Users\sfjbs\.m2\repository\jakarta\annotation\jakarta.annotation-api\1.3.5\jakarta.annotation-api-1.3.5.jar;C:\Users\sfjbs\.m2\repository\org\yaml\snakeyaml\1.30\snakeyaml-1.30.jar;C:\Users\sfjbs\.m2\repository\org\springframework\boot\spring-boot-starter-json\2.7.3\spring-boot-starter-json-2.7.3.jar;C:\Users\sfjbs\.m2\repository\com\fasterxml\jackson\core\jackson-databind\2.13.3\jackson-databind-2.13.3.jar;C:\Users\sfjbs\.m2\repository\com\fasterxml\jackson\datatype\jackson-datatype-jdk8\2.13.3\jackson-datatype-jdk8-2.13.3.jar;C:\Users\sfjbs\.m2\repository\com\fasterxml\jackson\datatype\jackson-datatype-jsr310\2.13.3\jackson-datatype-jsr310-2.13.3.jar;C:\Users\sfjbs\.m2\repository\com\fasterxml\jackson\module\jackson-module-parameter-names\2.13.3\jackson-module-parameter-names-2.13.3.jar;C:\Users\sfjbs\.m2\repository\
Launcher Type: SUN_STANDARD

[Global flags]
     intx CICompilerCount                          = 2                                         {product} {ergonomic}
     uint ConcGCThreads                            = 1                                         {product} {ergonomic}
     uint G1ConcRefinementThreads                  = 2                                         {product} {ergonomic}
   size_t G1HeapRegionSize                         = 1048576                                   {product} {ergonomic}
    uintx GCDrainStackTargetSize                   = 64                                        {product} {ergonomic}
   size_t InitialHeapSize                          = 134217728                                 {product} {ergonomic}
   size_t MarkStackSize                            = 4194304                                   {product} {ergonomic}
   size_t MaxHeapSize                              = 2147483648                                {product} {ergonomic}
   size_t MaxNewSize                               = 1287651328                                {product} {ergonomic}
   size_t MinHeapDeltaBytes                        = 1048576                                   {product} {ergonomic}
   size_t MinHeapSize                              = 8388608                                   {product} {ergonomic}
    uintx NonNMethodCodeHeapSize                   = 5826188                                {pd product} {ergonomic}
    uintx NonProfiledCodeHeapSize                  = 122916026                              {pd product} {ergonomic}
    uintx ProfiledCodeHeapSize                     = 122916026                              {pd product} {ergonomic}
    uintx ReservedCodeCacheSize                    = 251658240                              {pd product} {ergonomic}
     bool SegmentedCodeCache                       = true                                      {product} {ergonomic}
     bool ShowCodeDetailsInExceptionMessages       = true                                   {manageable} {command line}
   size_t SoftMaxHeapSize                          = 2147483648                             {manageable} {ergonomic}
     bool UseCompressedClassPointers               = true                           {product lp64_product} {ergonomic}
     bool UseCompressedOops                        = true                           {product lp64_product} {ergonomic}
     bool UseG1GC                                  = true                                      {product} {ergonomic}
     bool UseLargePagesIndividualAllocation        = false                                  {pd product} {ergonomic}

Logging:
Log output configuration:
 #0: stdout all=warning uptime,level,tags
 #1: stderr all=off uptime,level,tags

Environment Variables:
PATH=C:/Users/sfjbs/Downloads/node-20220822T134940Z-001/node/sts-4.15.3.RELEASE//plugins/org.eclipse.justj.openjdk.hotspot.jre.full.win32.x86_64_17.0.4.v20220805-1047/jre/bin/server;C:/Users/sfjbs/Downloads/node-20220822T134940Z-001/node/sts-4.15.3.RELEASE//plugins/org.eclipse.justj.openjdk.hotspot.jre.full.win32.x86_64_17.0.4.v20220805-1047/jre/bin;C:\Python310\Scripts\;C:\Python310\;C:\Program Files\Common Files\Oracle\Java\javapath;C:\Windows\system32;C:\Windows;C:\Windows\System32\Wbem;C:\Windows\System32\WindowsPowerShell\v1.0\;C:\Windows\System32\OpenSSH\;C:\Program Files\nodejs\;C:\Program Files\Docker\Docker\resources\bin;C:\ProgramData\DockerDesktop\version-bin;C:\ProgramData\chocolatey\bin;C:\Program Files (x86)\Git\cmd;C:\Users\sfjbs\AppData\Local\Microsoft\WindowsApps;C:\Users\sfjbs\AppData\Roaming\npm;C:\Users\sfjbs\AppData\Local\Programs\Microsoft VS Code\bin;C:\Users\sfjbs\Downloads\node-20220822T134940Z-001\node\sts-4.15.3.RELEASE;
USERNAME=sfjbs
OS=Windows_NT
PROCESSOR_IDENTIFIER=Intel64 Family 6 Model 85 Stepping 7, GenuineIntel
TMP=C:\Users\sfjbs\AppData\Local\Temp
TEMP=C:\Users\sfjbs\AppData\Local\Temp



---------------  S Y S T E M  ---------------

OS:
 Windows 10 , 64 bit Build 19041 (10.0.19041.1889)
OS uptime: 4 days 8:43 hours
Hyper-V role detected

CPU: total 2 (initial active 2) (1 cores per cpu, 2 threads per core) family 6 model 85 stepping 7 microcode 0xffffffff, cx8, cmov, fxsr, ht, mmx, 3dnowpref, sse, sse2, sse3, ssse3, sse4.1, sse4.2, popcnt, lzcnt, tsc, avx, avx2, aes, erms, clmul, bmi1, bmi2, rtm, adx, avx512f, avx512dq, avx512cd, avx512bw, avx512vl, fma, vzeroupper, clflush, clflushopt, hv

Memory: 4k page, system-wide physical 8190M (772M free)
TotalPageFile size 10238M (AvailPageFile size 32M)
current process WorkingSet (physical memory assigned to process): 204M, peak: 208M
current process commit charge ("private bytes"): 224M, peak: 254M

vm_info: OpenJDK 64-Bit Server VM (17.0.4+8) for windows-amd64 JRE (17.0.4+8), built on Jul 19 2022 16:05:16 by "temurin" with MS VC++ 16.7 (VS2019)

END.
